[0.564s] DEBUG:colcon:Command line arguments: ['/usr/bin/colcon', 'build', '--packages-select', 'urdf_test']
[0.564s] DEBUG:colcon:Parsed command line arguments: Namespace(allow_overriding=[], ament_cmake_args=None, base_paths=['.'], build_base='build', catkin_cmake_args=None, catkin_skip_building_tests=False, cmake_args=None, cmake_clean_cache=False, cmake_clean_first=False, cmake_force_configure=False, cmake_target=None, cmake_target_skip_unavailable=False, continue_on_error=False, event_handlers=None, executor='parallel', ignore_user_meta=False, install_base='install', log_base=None, log_level=None, main=<bound method BuildVerb.main of <colcon_core.verb.build.BuildVerb object at 0x7f2e6377f9a0>>, merge_install=False, metas=['./colcon.meta'], mixin=None, mixin_files=None, mixin_verb=('build',), packages_above=None, packages_above_and_dependencies=None, packages_above_depth=None, packages_end=None, packages_ignore=None, packages_ignore_regex=None, packages_select=['urdf_test'], packages_select_build_failed=False, packages_select_by_dep=None, packages_select_regex=None, packages_select_test_failures=False, packages_skip=None, packages_skip_build_finished=False, packages_skip_by_dep=None, packages_skip_regex=None, packages_skip_test_passed=False, packages_skip_up_to=None, packages_start=None, packages_up_to=None, packages_up_to_regex=None, parallel_workers=8, paths=None, symlink_install=False, test_result_base=None, verb_extension=<colcon_core.verb.build.BuildVerb object at 0x7f2e6377f9a0>, verb_name='build', verb_parser=<colcon_mixin.mixin.mixin_argument.MixinArgumentDecorator object at 0x7f2e636528b0>)
[0.929s] Level 1:colcon.colcon_core.package_discovery:discover_packages(colcon_meta) check parameters
[0.929s] Level 1:colcon.colcon_core.package_discovery:discover_packages(recursive) check parameters
[0.930s] Level 1:colcon.colcon_core.package_discovery:discover_packages(ignore) check parameters
[0.930s] Level 1:colcon.colcon_core.package_discovery:discover_packages(path) check parameters
[0.930s] Level 1:colcon.colcon_core.package_discovery:discover_packages(colcon_meta) discover
[0.930s] Level 1:colcon.colcon_core.package_discovery:discover_packages(recursive) discover
[0.930s] INFO:colcon.colcon_core.package_discovery:Crawling recursively for packages in '/home/robotics/ros2_ws'
[0.930s] Level 1:colcon.colcon_core.package_identification:_identify(.) by extensions ['ignore', 'ignore_ament_install']
[0.930s] Level 1:colcon.colcon_core.package_identification:_identify(.) by extension 'ignore'
[0.930s] Level 1:colcon.colcon_core.package_identification:_identify(.) by extension 'ignore_ament_install'
[0.930s] Level 1:colcon.colcon_core.package_identification:_identify(.) by extensions ['colcon_pkg']
[0.930s] Level 1:colcon.colcon_core.package_identification:_identify(.) by extension 'colcon_pkg'
[0.930s] Level 1:colcon.colcon_core.package_identification:_identify(.) by extensions ['colcon_meta']
[0.931s] Level 1:colcon.colcon_core.package_identification:_identify(.) by extension 'colcon_meta'
[0.931s] Level 1:colcon.colcon_core.package_identification:_identify(.) by extensions ['ros']
[0.931s] Level 1:colcon.colcon_core.package_identification:_identify(.) by extension 'ros'
[0.961s] Level 1:colcon.colcon_core.package_identification:_identify(.) by extensions ['cmake', 'python']
[0.961s] Level 1:colcon.colcon_core.package_identification:_identify(.) by extension 'cmake'
[0.962s] Level 1:colcon.colcon_core.package_identification:_identify(.) by extension 'python'
[0.962s] Level 1:colcon.colcon_core.package_identification:_identify(.) by extensions ['python_setup_py']
[0.962s] Level 1:colcon.colcon_core.package_identification:_identify(.) by extension 'python_setup_py'
[0.963s] Level 1:colcon.colcon_core.package_identification:_identify(build) by extensions ['ignore', 'ignore_ament_install']
[0.963s] Level 1:colcon.colcon_core.package_identification:_identify(build) by extension 'ignore'
[0.963s] Level 1:colcon.colcon_core.package_identification:_identify(build) ignored
[0.963s] Level 1:colcon.colcon_core.package_identification:_identify(install) by extensions ['ignore', 'ignore_ament_install']
[0.964s] Level 1:colcon.colcon_core.package_identification:_identify(install) by extension 'ignore'
[0.964s] Level 1:colcon.colcon_core.package_identification:_identify(install) ignored
[0.964s] Level 1:colcon.colcon_core.package_identification:_identify(log) by extensions ['ignore', 'ignore_ament_install']
[0.964s] Level 1:colcon.colcon_core.package_identification:_identify(log) by extension 'ignore'
[0.964s] Level 1:colcon.colcon_core.package_identification:_identify(log) ignored
[0.964s] Level 1:colcon.colcon_core.package_identification:_identify(src) by extensions ['ignore', 'ignore_ament_install']
[0.964s] Level 1:colcon.colcon_core.package_identification:_identify(src) by extension 'ignore'
[0.964s] Level 1:colcon.colcon_core.package_identification:_identify(src) by extension 'ignore_ament_install'
[0.965s] Level 1:colcon.colcon_core.package_identification:_identify(src) by extensions ['colcon_pkg']
[0.965s] Level 1:colcon.colcon_core.package_identification:_identify(src) by extension 'colcon_pkg'
[0.965s] Level 1:colcon.colcon_core.package_identification:_identify(src) by extensions ['colcon_meta']
[0.965s] Level 1:colcon.colcon_core.package_identification:_identify(src) by extension 'colcon_meta'
[0.965s] Level 1:colcon.colcon_core.package_identification:_identify(src) by extensions ['ros']
[0.965s] Level 1:colcon.colcon_core.package_identification:_identify(src) by extension 'ros'
[0.965s] Level 1:colcon.colcon_core.package_identification:_identify(src) by extensions ['cmake', 'python']
[0.965s] Level 1:colcon.colcon_core.package_identification:_identify(src) by extension 'cmake'
[0.965s] Level 1:colcon.colcon_core.package_identification:_identify(src) by extension 'python'
[0.965s] Level 1:colcon.colcon_core.package_identification:_identify(src) by extensions ['python_setup_py']
[0.965s] Level 1:colcon.colcon_core.package_identification:_identify(src) by extension 'python_setup_py'
[0.965s] Level 1:colcon.colcon_core.package_identification:_identify(src/cpp_pubsub) by extensions ['ignore', 'ignore_ament_install']
[0.966s] Level 1:colcon.colcon_core.package_identification:_identify(src/cpp_pubsub) by extension 'ignore'
[0.966s] Level 1:colcon.colcon_core.package_identification:_identify(src/cpp_pubsub) by extension 'ignore_ament_install'
[0.966s] Level 1:colcon.colcon_core.package_identification:_identify(src/cpp_pubsub) by extensions ['colcon_pkg']
[0.966s] Level 1:colcon.colcon_core.package_identification:_identify(src/cpp_pubsub) by extension 'colcon_pkg'
[0.966s] Level 1:colcon.colcon_core.package_identification:_identify(src/cpp_pubsub) by extensions ['colcon_meta']
[0.966s] Level 1:colcon.colcon_core.package_identification:_identify(src/cpp_pubsub) by extension 'colcon_meta'
[0.966s] Level 1:colcon.colcon_core.package_identification:_identify(src/cpp_pubsub) by extensions ['ros']
[0.966s] Level 1:colcon.colcon_core.package_identification:_identify(src/cpp_pubsub) by extension 'ros'
[0.970s] DEBUG:colcon.colcon_core.package_identification:Package 'src/cpp_pubsub' with type 'ros.ament_cmake' and name 'cpp_pubsub'
[0.971s] Level 1:colcon.colcon_core.package_identification:_identify(src/rqt_image_view) by extensions ['ignore', 'ignore_ament_install']
[0.972s] Level 1:colcon.colcon_core.package_identification:_identify(src/rqt_image_view) by extension 'ignore'
[0.972s] Level 1:colcon.colcon_core.package_identification:_identify(src/rqt_image_view) by extension 'ignore_ament_install'
[0.972s] Level 1:colcon.colcon_core.package_identification:_identify(src/rqt_image_view) by extensions ['colcon_pkg']
[0.973s] Level 1:colcon.colcon_core.package_identification:_identify(src/rqt_image_view) by extension 'colcon_pkg'
[0.973s] Level 1:colcon.colcon_core.package_identification:_identify(src/rqt_image_view) by extensions ['colcon_meta']
[0.973s] Level 1:colcon.colcon_core.package_identification:_identify(src/rqt_image_view) by extension 'colcon_meta'
[0.974s] Level 1:colcon.colcon_core.package_identification:_identify(src/rqt_image_view) by extensions ['ros']
[0.974s] Level 1:colcon.colcon_core.package_identification:_identify(src/rqt_image_view) by extension 'ros'
[0.975s] DEBUG:colcon.colcon_core.package_identification:Package 'src/rqt_image_view' with type 'ros.ament_cmake' and name 'rqt_image_view'
[0.976s] Level 1:colcon.colcon_core.package_identification:_identify(src/teleop_twist_keyboard) by extensions ['ignore', 'ignore_ament_install']
[0.976s] Level 1:colcon.colcon_core.package_identification:_identify(src/teleop_twist_keyboard) by extension 'ignore'
[0.976s] Level 1:colcon.colcon_core.package_identification:_identify(src/teleop_twist_keyboard) by extension 'ignore_ament_install'
[0.976s] Level 1:colcon.colcon_core.package_identification:_identify(src/teleop_twist_keyboard) by extensions ['colcon_pkg']
[0.976s] Level 1:colcon.colcon_core.package_identification:_identify(src/teleop_twist_keyboard) by extension 'colcon_pkg'
[0.976s] Level 1:colcon.colcon_core.package_identification:_identify(src/teleop_twist_keyboard) by extensions ['colcon_meta']
[0.976s] Level 1:colcon.colcon_core.package_identification:_identify(src/teleop_twist_keyboard) by extension 'colcon_meta'
[0.976s] Level 1:colcon.colcon_core.package_identification:_identify(src/teleop_twist_keyboard) by extensions ['ros']
[0.976s] Level 1:colcon.colcon_core.package_identification:_identify(src/teleop_twist_keyboard) by extension 'ros'
[0.977s] DEBUG:colcon.colcon_core.package_identification:Package 'src/teleop_twist_keyboard' with type 'ros.ament_python' and name 'teleop_twist_keyboard'
[0.978s] Level 1:colcon.colcon_core.package_identification:_identify(src/urdf_test) by extensions ['ignore', 'ignore_ament_install']
[0.978s] Level 1:colcon.colcon_core.package_identification:_identify(src/urdf_test) by extension 'ignore'
[0.979s] Level 1:colcon.colcon_core.package_identification:_identify(src/urdf_test) by extension 'ignore_ament_install'
[0.979s] Level 1:colcon.colcon_core.package_identification:_identify(src/urdf_test) by extensions ['colcon_pkg']
[0.979s] Level 1:colcon.colcon_core.package_identification:_identify(src/urdf_test) by extension 'colcon_pkg'
[0.979s] Level 1:colcon.colcon_core.package_identification:_identify(src/urdf_test) by extensions ['colcon_meta']
[0.979s] Level 1:colcon.colcon_core.package_identification:_identify(src/urdf_test) by extension 'colcon_meta'
[0.979s] Level 1:colcon.colcon_core.package_identification:_identify(src/urdf_test) by extensions ['ros']
[0.979s] Level 1:colcon.colcon_core.package_identification:_identify(src/urdf_test) by extension 'ros'
[0.980s] DEBUG:colcon.colcon_core.package_identification:Package 'src/urdf_test' with type 'ros.ament_cmake' and name 'urdf_test'
[0.980s] Level 1:colcon.colcon_core.package_identification:_identify(src/vision_opencv) by extensions ['ignore', 'ignore_ament_install']
[0.980s] Level 1:colcon.colcon_core.package_identification:_identify(src/vision_opencv) by extension 'ignore'
[0.980s] Level 1:colcon.colcon_core.package_identification:_identify(src/vision_opencv) by extension 'ignore_ament_install'
[0.980s] Level 1:colcon.colcon_core.package_identification:_identify(src/vision_opencv) by extensions ['colcon_pkg']
[0.980s] Level 1:colcon.colcon_core.package_identification:_identify(src/vision_opencv) by extension 'colcon_pkg'
[0.980s] Level 1:colcon.colcon_core.package_identification:_identify(src/vision_opencv) by extensions ['colcon_meta']
[0.980s] Level 1:colcon.colcon_core.package_identification:_identify(src/vision_opencv) by extension 'colcon_meta'
[0.981s] Level 1:colcon.colcon_core.package_identification:_identify(src/vision_opencv) by extensions ['ros']
[0.981s] Level 1:colcon.colcon_core.package_identification:_identify(src/vision_opencv) by extension 'ros'
[0.981s] Level 1:colcon.colcon_core.package_identification:_identify(src/vision_opencv) by extensions ['cmake', 'python']
[0.981s] Level 1:colcon.colcon_core.package_identification:_identify(src/vision_opencv) by extension 'cmake'
[0.981s] Level 1:colcon.colcon_core.package_identification:_identify(src/vision_opencv) by extension 'python'
[0.981s] Level 1:colcon.colcon_core.package_identification:_identify(src/vision_opencv) by extensions ['python_setup_py']
[0.981s] Level 1:colcon.colcon_core.package_identification:_identify(src/vision_opencv) by extension 'python_setup_py'
[0.981s] Level 1:colcon.colcon_core.package_identification:_identify(src/vision_opencv/cv_bridge) by extensions ['ignore', 'ignore_ament_install']
[0.982s] Level 1:colcon.colcon_core.package_identification:_identify(src/vision_opencv/cv_bridge) by extension 'ignore'
[0.982s] Level 1:colcon.colcon_core.package_identification:_identify(src/vision_opencv/cv_bridge) by extension 'ignore_ament_install'
[0.982s] Level 1:colcon.colcon_core.package_identification:_identify(src/vision_opencv/cv_bridge) by extensions ['colcon_pkg']
[0.982s] Level 1:colcon.colcon_core.package_identification:_identify(src/vision_opencv/cv_bridge) by extension 'colcon_pkg'
[0.982s] Level 1:colcon.colcon_core.package_identification:_identify(src/vision_opencv/cv_bridge) by extensions ['colcon_meta']
[0.982s] Level 1:colcon.colcon_core.package_identification:_identify(src/vision_opencv/cv_bridge) by extension 'colcon_meta'
[0.982s] Level 1:colcon.colcon_core.package_identification:_identify(src/vision_opencv/cv_bridge) by extensions ['ros']
[0.982s] Level 1:colcon.colcon_core.package_identification:_identify(src/vision_opencv/cv_bridge) by extension 'ros'
[0.984s] DEBUG:colcon.colcon_core.package_identification:Package 'src/vision_opencv/cv_bridge' with type 'ros.ament_cmake' and name 'cv_bridge'
[0.984s] Level 1:colcon.colcon_core.package_identification:_identify(src/vision_opencv/image_geometry) by extensions ['ignore', 'ignore_ament_install']
[0.984s] Level 1:colcon.colcon_core.package_identification:_identify(src/vision_opencv/image_geometry) by extension 'ignore'
[0.984s] Level 1:colcon.colcon_core.package_identification:_identify(src/vision_opencv/image_geometry) by extension 'ignore_ament_install'
[0.984s] Level 1:colcon.colcon_core.package_identification:_identify(src/vision_opencv/image_geometry) by extensions ['colcon_pkg']
[0.984s] Level 1:colcon.colcon_core.package_identification:_identify(src/vision_opencv/image_geometry) by extension 'colcon_pkg'
[0.984s] Level 1:colcon.colcon_core.package_identification:_identify(src/vision_opencv/image_geometry) by extensions ['colcon_meta']
[0.984s] Level 1:colcon.colcon_core.package_identification:_identify(src/vision_opencv/image_geometry) by extension 'colcon_meta'
[0.984s] Level 1:colcon.colcon_core.package_identification:_identify(src/vision_opencv/image_geometry) by extensions ['ros']
[0.985s] Level 1:colcon.colcon_core.package_identification:_identify(src/vision_opencv/image_geometry) by extension 'ros'
[0.986s] DEBUG:colcon.colcon_core.package_identification:Package 'src/vision_opencv/image_geometry' with type 'ros.ament_cmake' and name 'image_geometry'
[0.986s] Level 1:colcon.colcon_core.package_identification:_identify(src/vision_opencv/opencv_tests) by extensions ['ignore', 'ignore_ament_install']
[0.986s] Level 1:colcon.colcon_core.package_identification:_identify(src/vision_opencv/opencv_tests) by extension 'ignore'
[0.986s] Level 1:colcon.colcon_core.package_identification:_identify(src/vision_opencv/opencv_tests) by extension 'ignore_ament_install'
[0.986s] Level 1:colcon.colcon_core.package_identification:_identify(src/vision_opencv/opencv_tests) by extensions ['colcon_pkg']
[0.986s] Level 1:colcon.colcon_core.package_identification:_identify(src/vision_opencv/opencv_tests) by extension 'colcon_pkg'
[0.986s] Level 1:colcon.colcon_core.package_identification:_identify(src/vision_opencv/opencv_tests) by extensions ['colcon_meta']
[0.986s] Level 1:colcon.colcon_core.package_identification:_identify(src/vision_opencv/opencv_tests) by extension 'colcon_meta'
[0.986s] Level 1:colcon.colcon_core.package_identification:_identify(src/vision_opencv/opencv_tests) by extensions ['ros']
[0.986s] Level 1:colcon.colcon_core.package_identification:_identify(src/vision_opencv/opencv_tests) by extension 'ros'
[0.987s] DEBUG:colcon.colcon_core.package_identification:Package 'src/vision_opencv/opencv_tests' with type 'ros.ament_python' and name 'opencv_tests'
[0.988s] Level 1:colcon.colcon_core.package_identification:_identify(src/vision_opencv/vision_opencv) by extensions ['ignore', 'ignore_ament_install']
[0.988s] Level 1:colcon.colcon_core.package_identification:_identify(src/vision_opencv/vision_opencv) by extension 'ignore'
[0.988s] Level 1:colcon.colcon_core.package_identification:_identify(src/vision_opencv/vision_opencv) by extension 'ignore_ament_install'
[0.988s] Level 1:colcon.colcon_core.package_identification:_identify(src/vision_opencv/vision_opencv) by extensions ['colcon_pkg']
[0.988s] Level 1:colcon.colcon_core.package_identification:_identify(src/vision_opencv/vision_opencv) by extension 'colcon_pkg'
[0.988s] Level 1:colcon.colcon_core.package_identification:_identify(src/vision_opencv/vision_opencv) by extensions ['colcon_meta']
[0.988s] Level 1:colcon.colcon_core.package_identification:_identify(src/vision_opencv/vision_opencv) by extension 'colcon_meta'
[0.988s] Level 1:colcon.colcon_core.package_identification:_identify(src/vision_opencv/vision_opencv) by extensions ['ros']
[0.988s] Level 1:colcon.colcon_core.package_identification:_identify(src/vision_opencv/vision_opencv) by extension 'ros'
[0.990s] DEBUG:colcon.colcon_core.package_identification:Package 'src/vision_opencv/vision_opencv' with type 'ros.ament_cmake' and name 'vision_opencv'
[0.990s] Level 1:colcon.colcon_core.package_discovery:discover_packages(recursive) using defaults
[0.991s] Level 1:colcon.colcon_core.package_discovery:discover_packages(ignore) discover
[0.991s] Level 1:colcon.colcon_core.package_discovery:discover_packages(ignore) using defaults
[0.991s] Level 1:colcon.colcon_core.package_discovery:discover_packages(path) discover
[0.991s] Level 1:colcon.colcon_core.package_discovery:discover_packages(path) using defaults
[1.078s] INFO:colcon.colcon_core.package_selection:Skipping not selected package 'cpp_pubsub' in 'src/cpp_pubsub'
[1.078s] INFO:colcon.colcon_core.package_selection:Skipping not selected package 'cv_bridge' in 'src/vision_opencv/cv_bridge'
[1.079s] INFO:colcon.colcon_core.package_selection:Skipping not selected package 'image_geometry' in 'src/vision_opencv/image_geometry'
[1.079s] INFO:colcon.colcon_core.package_selection:Skipping not selected package 'teleop_twist_keyboard' in 'src/teleop_twist_keyboard'
[1.079s] INFO:colcon.colcon_core.package_selection:Skipping not selected package 'opencv_tests' in 'src/vision_opencv/opencv_tests'
[1.079s] INFO:colcon.colcon_core.package_selection:Skipping not selected package 'rqt_image_view' in 'src/rqt_image_view'
[1.079s] INFO:colcon.colcon_core.package_selection:Skipping not selected package 'vision_opencv' in 'src/vision_opencv/vision_opencv'
[1.079s] Level 1:colcon.colcon_core.package_discovery:discover_packages(prefix_path) check parameters
[1.079s] Level 1:colcon.colcon_core.package_discovery:discover_packages(prefix_path) discover
[1.103s] DEBUG:colcon.colcon_installed_package_information.package_discovery:Found 1 installed packages in /home/robotics/ros2_ws/install
[1.118s] DEBUG:colcon.colcon_installed_package_information.package_discovery:Found 345 installed packages in /home/robotics/tools/ros2_humble/install
[1.122s] Level 1:colcon.colcon_core.package_discovery:discover_packages(prefix_path) using defaults
[1.184s] Level 5:colcon.colcon_core.verb:set package 'urdf_test' build argument 'cmake_args' from command line to 'None'
[1.184s] Level 5:colcon.colcon_core.verb:set package 'urdf_test' build argument 'cmake_target' from command line to 'None'
[1.184s] Level 5:colcon.colcon_core.verb:set package 'urdf_test' build argument 'cmake_target_skip_unavailable' from command line to 'False'
[1.184s] Level 5:colcon.colcon_core.verb:set package 'urdf_test' build argument 'cmake_clean_cache' from command line to 'False'
[1.184s] Level 5:colcon.colcon_core.verb:set package 'urdf_test' build argument 'cmake_clean_first' from command line to 'False'
[1.184s] Level 5:colcon.colcon_core.verb:set package 'urdf_test' build argument 'cmake_force_configure' from command line to 'False'
[1.184s] Level 5:colcon.colcon_core.verb:set package 'urdf_test' build argument 'ament_cmake_args' from command line to 'None'
[1.184s] Level 5:colcon.colcon_core.verb:set package 'urdf_test' build argument 'catkin_cmake_args' from command line to 'None'
[1.184s] Level 5:colcon.colcon_core.verb:set package 'urdf_test' build argument 'catkin_skip_building_tests' from command line to 'False'
[1.184s] DEBUG:colcon.colcon_core.verb:Building package 'urdf_test' with the following arguments: {'ament_cmake_args': None, 'build_base': '/home/robotics/ros2_ws/build/urdf_test', 'catkin_cmake_args': None, 'catkin_skip_building_tests': False, 'cmake_args': None, 'cmake_clean_cache': False, 'cmake_clean_first': False, 'cmake_force_configure': False, 'cmake_target': None, 'cmake_target_skip_unavailable': False, 'install_base': '/home/robotics/ros2_ws/install/urdf_test', 'merge_install': False, 'path': '/home/robotics/ros2_ws/src/urdf_test', 'symlink_install': False, 'test_result_base': None}
[1.184s] INFO:colcon.colcon_core.executor:Executing jobs using 'parallel' executor
[1.186s] DEBUG:colcon.colcon_parallel_executor.executor.parallel:run_until_complete
[1.187s] INFO:colcon.colcon_ros.task.ament_cmake.build:Building ROS package in '/home/robotics/ros2_ws/src/urdf_test' with build type 'ament_cmake'
[1.187s] INFO:colcon.colcon_cmake.task.cmake.build:Building CMake package in '/home/robotics/ros2_ws/src/urdf_test'
[1.198s] INFO:colcon.colcon_core.plugin_system:Skipping extension 'colcon_core.shell.bat': Not used on non-Windows systems
[1.198s] INFO:colcon.colcon_core.shell:Skip shell extension 'powershell' for command environment: Not usable outside of PowerShell
[1.198s] DEBUG:colcon.colcon_core.shell:Skip shell extension 'dsv' for command environment
[1.267s] DEBUG:colcon.colcon_core.event_handler.log_command:Invoking command in '/home/robotics/ros2_ws/build/urdf_test': CMAKE_PREFIX_PATH=${CMAKE_PREFIX_PATH}:/home/robotics/ros2_ws/install/urdf_test:/home/robotics/tools/ros2_humble/install/rqt_bag_plugins:/home/robotics/tools/ros2_humble/install/rqt_bag:/home/robotics/tools/ros2_humble/install/ros2bag:/home/robotics/tools/ros2_humble/install/tracetools_test:/home/robotics/tools/ros2_humble/install/tracetools_launch:/home/robotics/tools/ros2_humble/install/topic_monitor:/home/robotics/tools/ros2_humble/install/tf2_tools:/home/robotics/tools/ros2_humble/install/examples_tf2_py:/home/robotics/tools/ros2_humble/install/tf2_ros_py:/home/robotics/tools/ros2_humble/install/sros2:/home/robotics/tools/ros2_humble/install/rqt_topic:/home/robotics/tools/ros2_humble/install/rqt_srv:/home/robotics/tools/ros2_humble/install/rqt_shell:/home/robotics/tools/ros2_humble/install/rqt_service_caller:/home/robotics/tools/ros2_humble/install/rqt_reconfigure:/home/robotics/tools/ros2_humble/install/rqt_py_console:/home/robotics/tools/ros2_humble/install/rqt_publisher:/home/robotics/tools/ros2_humble/install/rqt_plot:/home/robotics/tools/ros2_humble/install/rqt_action:/home/robotics/tools/ros2_humble/install/rqt_msg:/home/robotics/tools/ros2_humble/install/rqt_console:/home/robotics/tools/ros2_humble/install/rqt:/home/robotics/tools/ros2_humble/install/rqt_graph:/home/robotics/tools/ros2_humble/install/rqt_gui_py:/home/robotics/tools/ros2_humble/install/rqt_gui:/home/robotics/tools/ros2_humble/install/ros2trace:/home/robotics/tools/ros2_humble/install/ros2topic:/home/robotics/tools/ros2_humble/install/ros2test:/home/robotics/tools/ros2_humble/install/ros2component:/home/robotics/tools/ros2_humble/install/ros2param:/home/robotics/tools/ros2_humble/install/ros2lifecycle:/home/robotics/tools/ros2_humble/install/ros2service:/home/robotics/tools/ros2_humble/install/ros2run:/home/robotics/tools/ros2_humble/install/ros2launch:/home/robotics/tools/ros2_humble/install/ros2pkg:/home/robotics/tools/ros2_humble/install/ros2node:/home/robotics/tools/ros2_humble/install/ros2multicast:/home/robotics/tools/ros2_humble/install/ros2interface:/home/robotics/tools/ros2_humble/install/ros2doctor:/home/robotics/tools/ros2_humble/install/ros2action:/home/robotics/tools/ros2_humble/install/ros2cli:/home/robotics/tools/ros2_humble/install/quality_of_service_demo_py:/home/robotics/tools/ros2_humble/install/lifecycle_py:/home/robotics/tools/ros2_humble/install/launch_testing_ros:/home/robotics/tools/ros2_humble/install/launch_ros:/home/robotics/tools/ros2_humble/install/examples_rclpy_pointcloud_publisher:/home/robotics/tools/ros2_humble/install/examples_rclpy_minimal_subscriber:/home/robotics/tools/ros2_humble/install/examples_rclpy_minimal_service:/home/robotics/tools/ros2_humble/install/examples_rclpy_minimal_publisher:/home/robotics/tools/ros2_humble/install/examples_rclpy_minimal_client:/home/robotics/tools/ros2_humble/install/examples_rclpy_minimal_action_server:/home/robotics/tools/ros2_humble/install/examples_rclpy_minimal_action_client:/home/robotics/tools/ros2_humble/install/examples_rclpy_guard_conditions:/home/robotics/tools/ros2_humble/install/examples_rclpy_executors:/home/robotics/tools/ros2_humble/install/demo_nodes_py:/home/robotics/tools/ros2_humble/install/action_tutorials_py:/home/robotics/tools/ros2_humble/install/ament_uncrustify:/home/robotics/tools/ros2_humble/install/tracetools_trace:/home/robotics/tools/ros2_humble/install/tracetools_read:/home/robotics/tools/ros2_humble/install/test_tracetools_launch:/home/robotics/tools/ros2_humble/install/test_launch_ros:/home/robotics/tools/ros2_humble/install/sensor_msgs_py:/home/robotics/tools/ros2_humble/install/rpyutils:/home/robotics/tools/ros2_humble/install/rosidl_runtime_py:/home/robotics/tools/ros2_humble/install/rosidl_cli:/home/robotics/tools/ros2_humble/install/launch_pytest:/home/robotics/tools/ros2_humble/install/launch_testing:/home/robotics/tools/ros2_humble/install/launch_yaml:/home/robotics/tools/ros2_humble/install/launch_xml:/home/robotics/tools/ros2_humble/install/launch:/home/robotics/tools/ros2_humble/install/osrf_pycommon:/home/robotics/tools/ros2_humble/install/launch_testing_examples:/home/robotics/tools/ros2_humble/install/domain_coordinator:/home/robotics/tools/ros2_humble/install/ament_xmllint:/home/robotics/tools/ros2_humble/install/ament_pyflakes:/home/robotics/tools/ros2_humble/install/ament_pycodestyle:/home/robotics/tools/ros2_humble/install/ament_pep257:/home/robotics/tools/ros2_humble/install/ament_pclint:/home/robotics/tools/ros2_humble/install/ament_package:/home/robotics/tools/ros2_humble/install/ament_mypy:/home/robotics/tools/ros2_humble/install/ament_lint_cmake:/home/robotics/tools/ros2_humble/install/ament_flake8:/home/robotics/tools/ros2_humble/install/ament_copyright:/home/robotics/tools/ros2_humble/install/ament_lint:/home/robotics/tools/ros2_humble/install/ament_index_python:/home/robotics/tools/ros2_humble/install/ament_cpplint:/home/robotics/tools/ros2_humble/install/ament_cppcheck:/home/robotics/tools/ros2_humble/install/ament_clang_tidy:/home/robotics/tools/ros2_humble/install/ament_clang_format /usr/bin/cmake /home/robotics/ros2_ws/src/urdf_test -DCMAKE_INSTALL_PREFIX=/home/robotics/ros2_ws/install/urdf_test
[9.554s] DEBUG:colcon.colcon_core.event_handler.log_command:Invoked command in '/home/robotics/ros2_ws/build/urdf_test' returned '1': CMAKE_PREFIX_PATH=${CMAKE_PREFIX_PATH}:/home/robotics/ros2_ws/install/urdf_test:/home/robotics/tools/ros2_humble/install/rqt_bag_plugins:/home/robotics/tools/ros2_humble/install/rqt_bag:/home/robotics/tools/ros2_humble/install/ros2bag:/home/robotics/tools/ros2_humble/install/tracetools_test:/home/robotics/tools/ros2_humble/install/tracetools_launch:/home/robotics/tools/ros2_humble/install/topic_monitor:/home/robotics/tools/ros2_humble/install/tf2_tools:/home/robotics/tools/ros2_humble/install/examples_tf2_py:/home/robotics/tools/ros2_humble/install/tf2_ros_py:/home/robotics/tools/ros2_humble/install/sros2:/home/robotics/tools/ros2_humble/install/rqt_topic:/home/robotics/tools/ros2_humble/install/rqt_srv:/home/robotics/tools/ros2_humble/install/rqt_shell:/home/robotics/tools/ros2_humble/install/rqt_service_caller:/home/robotics/tools/ros2_humble/install/rqt_reconfigure:/home/robotics/tools/ros2_humble/install/rqt_py_console:/home/robotics/tools/ros2_humble/install/rqt_publisher:/home/robotics/tools/ros2_humble/install/rqt_plot:/home/robotics/tools/ros2_humble/install/rqt_action:/home/robotics/tools/ros2_humble/install/rqt_msg:/home/robotics/tools/ros2_humble/install/rqt_console:/home/robotics/tools/ros2_humble/install/rqt:/home/robotics/tools/ros2_humble/install/rqt_graph:/home/robotics/tools/ros2_humble/install/rqt_gui_py:/home/robotics/tools/ros2_humble/install/rqt_gui:/home/robotics/tools/ros2_humble/install/ros2trace:/home/robotics/tools/ros2_humble/install/ros2topic:/home/robotics/tools/ros2_humble/install/ros2test:/home/robotics/tools/ros2_humble/install/ros2component:/home/robotics/tools/ros2_humble/install/ros2param:/home/robotics/tools/ros2_humble/install/ros2lifecycle:/home/robotics/tools/ros2_humble/install/ros2service:/home/robotics/tools/ros2_humble/install/ros2run:/home/robotics/tools/ros2_humble/install/ros2launch:/home/robotics/tools/ros2_humble/install/ros2pkg:/home/robotics/tools/ros2_humble/install/ros2node:/home/robotics/tools/ros2_humble/install/ros2multicast:/home/robotics/tools/ros2_humble/install/ros2interface:/home/robotics/tools/ros2_humble/install/ros2doctor:/home/robotics/tools/ros2_humble/install/ros2action:/home/robotics/tools/ros2_humble/install/ros2cli:/home/robotics/tools/ros2_humble/install/quality_of_service_demo_py:/home/robotics/tools/ros2_humble/install/lifecycle_py:/home/robotics/tools/ros2_humble/install/launch_testing_ros:/home/robotics/tools/ros2_humble/install/launch_ros:/home/robotics/tools/ros2_humble/install/examples_rclpy_pointcloud_publisher:/home/robotics/tools/ros2_humble/install/examples_rclpy_minimal_subscriber:/home/robotics/tools/ros2_humble/install/examples_rclpy_minimal_service:/home/robotics/tools/ros2_humble/install/examples_rclpy_minimal_publisher:/home/robotics/tools/ros2_humble/install/examples_rclpy_minimal_client:/home/robotics/tools/ros2_humble/install/examples_rclpy_minimal_action_server:/home/robotics/tools/ros2_humble/install/examples_rclpy_minimal_action_client:/home/robotics/tools/ros2_humble/install/examples_rclpy_guard_conditions:/home/robotics/tools/ros2_humble/install/examples_rclpy_executors:/home/robotics/tools/ros2_humble/install/demo_nodes_py:/home/robotics/tools/ros2_humble/install/action_tutorials_py:/home/robotics/tools/ros2_humble/install/ament_uncrustify:/home/robotics/tools/ros2_humble/install/tracetools_trace:/home/robotics/tools/ros2_humble/install/tracetools_read:/home/robotics/tools/ros2_humble/install/test_tracetools_launch:/home/robotics/tools/ros2_humble/install/test_launch_ros:/home/robotics/tools/ros2_humble/install/sensor_msgs_py:/home/robotics/tools/ros2_humble/install/rpyutils:/home/robotics/tools/ros2_humble/install/rosidl_runtime_py:/home/robotics/tools/ros2_humble/install/rosidl_cli:/home/robotics/tools/ros2_humble/install/launch_pytest:/home/robotics/tools/ros2_humble/install/launch_testing:/home/robotics/tools/ros2_humble/install/launch_yaml:/home/robotics/tools/ros2_humble/install/launch_xml:/home/robotics/tools/ros2_humble/install/launch:/home/robotics/tools/ros2_humble/install/osrf_pycommon:/home/robotics/tools/ros2_humble/install/launch_testing_examples:/home/robotics/tools/ros2_humble/install/domain_coordinator:/home/robotics/tools/ros2_humble/install/ament_xmllint:/home/robotics/tools/ros2_humble/install/ament_pyflakes:/home/robotics/tools/ros2_humble/install/ament_pycodestyle:/home/robotics/tools/ros2_humble/install/ament_pep257:/home/robotics/tools/ros2_humble/install/ament_pclint:/home/robotics/tools/ros2_humble/install/ament_package:/home/robotics/tools/ros2_humble/install/ament_mypy:/home/robotics/tools/ros2_humble/install/ament_lint_cmake:/home/robotics/tools/ros2_humble/install/ament_flake8:/home/robotics/tools/ros2_humble/install/ament_copyright:/home/robotics/tools/ros2_humble/install/ament_lint:/home/robotics/tools/ros2_humble/install/ament_index_python:/home/robotics/tools/ros2_humble/install/ament_cpplint:/home/robotics/tools/ros2_humble/install/ament_cppcheck:/home/robotics/tools/ros2_humble/install/ament_clang_tidy:/home/robotics/tools/ros2_humble/install/ament_clang_format /usr/bin/cmake /home/robotics/ros2_ws/src/urdf_test -DCMAKE_INSTALL_PREFIX=/home/robotics/ros2_ws/install/urdf_test
[9.594s] Level 1:colcon.colcon_core.environment:create_environment_scripts_only(urdf_test)
[9.604s] Level 1:colcon.colcon_core.environment:checking '/home/robotics/ros2_ws/install/urdf_test' for CMake module files
[9.605s] Level 1:colcon.colcon_core.environment:checking '/home/robotics/ros2_ws/install/urdf_test' for CMake config files
[9.606s] Level 1:colcon.colcon_core.environment:checking '/home/robotics/ros2_ws/install/urdf_test/lib'
[9.606s] Level 1:colcon.colcon_core.environment:checking '/home/robotics/ros2_ws/install/urdf_test/bin'
[9.606s] Level 1:colcon.colcon_core.environment:checking '/home/robotics/ros2_ws/install/urdf_test/lib/pkgconfig/urdf_test.pc'
[9.610s] Level 1:colcon.colcon_core.environment:checking '/home/robotics/ros2_ws/install/urdf_test/lib/python3.8/site-packages'
[9.611s] Level 1:colcon.colcon_core.shell:create_environment_hook('urdf_test', 'pythonpath')
[9.611s] INFO:colcon.colcon_core.shell:Creating environment hook '/home/robotics/ros2_ws/install/urdf_test/share/urdf_test/hook/pythonpath.ps1'
[9.612s] INFO:colcon.colcon_core.shell:Creating environment descriptor '/home/robotics/ros2_ws/install/urdf_test/share/urdf_test/hook/pythonpath.dsv'
[9.612s] INFO:colcon.colcon_core.shell:Creating environment hook '/home/robotics/ros2_ws/install/urdf_test/share/urdf_test/hook/pythonpath.sh'
[9.613s] Level 1:colcon.colcon_core.environment:checking '/home/robotics/ros2_ws/install/urdf_test/bin'
[9.614s] INFO:colcon.colcon_core.shell:Creating package script '/home/robotics/ros2_ws/install/urdf_test/share/urdf_test/package.ps1'
[9.615s] INFO:colcon.colcon_core.shell:Creating package descriptor '/home/robotics/ros2_ws/install/urdf_test/share/urdf_test/package.dsv'
[9.616s] INFO:colcon.colcon_core.shell:Creating package script '/home/robotics/ros2_ws/install/urdf_test/share/urdf_test/package.sh'
[9.617s] INFO:colcon.colcon_core.shell:Creating package script '/home/robotics/ros2_ws/install/urdf_test/share/urdf_test/package.bash'
[9.618s] INFO:colcon.colcon_core.shell:Creating package script '/home/robotics/ros2_ws/install/urdf_test/share/urdf_test/package.zsh'
[9.618s] Level 1:colcon.colcon_core.environment:create_file_with_runtime_dependencies(/home/robotics/ros2_ws/install/urdf_test/share/colcon-core/packages/urdf_test)
[9.620s] DEBUG:colcon.colcon_parallel_executor.executor.parallel:closing loop
[9.620s] DEBUG:colcon.colcon_parallel_executor.executor.parallel:loop closed
[9.620s] DEBUG:colcon.colcon_parallel_executor.executor.parallel:run_until_complete finished with '1'
[9.620s] DEBUG:colcon.colcon_core.event_reactor:joining thread
[9.644s] INFO:colcon.colcon_core.plugin_system:Skipping extension 'colcon_notification.desktop_notification.notify_send': Could not find 'notify-send'
[9.644s] INFO:colcon.colcon_core.plugin_system:Skipping extension 'colcon_notification.desktop_notification.terminal_notifier': Not used on non-Darwin systems
[9.644s] INFO:colcon.colcon_core.plugin_system:Skipping extension 'colcon_notification.desktop_notification.win32': Not used on non-Windows systems
[9.644s] INFO:colcon.colcon_notification.desktop_notification:Sending desktop notification using 'notify2'
[9.644s] DEBUG:colcon.colcon_notification.desktop_notification.notify2:Failed to initialize notify2: org.freedesktop.DBus.Error.NotSupported: Unable to autolaunch a dbus-daemon without a $DISPLAY for X11
[9.644s] DEBUG:colcon.colcon_core.event_reactor:joined thread
[9.645s] INFO:colcon.colcon_core.shell:Creating prefix script '/home/robotics/ros2_ws/install/local_setup.ps1'
[9.647s] INFO:colcon.colcon_core.shell:Creating prefix util module '/home/robotics/ros2_ws/install/_local_setup_util_ps1.py'
[9.649s] INFO:colcon.colcon_core.shell:Creating prefix chain script '/home/robotics/ros2_ws/install/setup.ps1'
[9.675s] INFO:colcon.colcon_core.shell:Creating prefix script '/home/robotics/ros2_ws/install/local_setup.sh'
[9.676s] INFO:colcon.colcon_core.shell:Creating prefix util module '/home/robotics/ros2_ws/install/_local_setup_util_sh.py'
[9.676s] INFO:colcon.colcon_core.shell:Creating prefix chain script '/home/robotics/ros2_ws/install/setup.sh'
[9.703s] INFO:colcon.colcon_core.shell:Creating prefix script '/home/robotics/ros2_ws/install/local_setup.bash'
[9.704s] INFO:colcon.colcon_core.shell:Creating prefix chain script '/home/robotics/ros2_ws/install/setup.bash'
[9.729s] INFO:colcon.colcon_core.shell:Creating prefix script '/home/robotics/ros2_ws/install/local_setup.zsh'
[9.729s] INFO:colcon.colcon_core.shell:Creating prefix chain script '/home/robotics/ros2_ws/install/setup.zsh'
