[0.579s] DEBUG:colcon:Command line arguments: ['/usr/bin/colcon', 'build', '--packages-select', 'urdf_test', 'urdf_launch']
[0.580s] DEBUG:colcon:Parsed command line arguments: Namespace(allow_overriding=[], ament_cmake_args=None, base_paths=['.'], build_base='build', catkin_cmake_args=None, catkin_skip_building_tests=False, cmake_args=None, cmake_clean_cache=False, cmake_clean_first=False, cmake_force_configure=False, cmake_target=None, cmake_target_skip_unavailable=False, continue_on_error=False, event_handlers=None, executor='parallel', ignore_user_meta=False, install_base='install', log_base=None, log_level=None, main=<bound method BuildVerb.main of <colcon_core.verb.build.BuildVerb object at 0x7fa7356b8a00>>, merge_install=False, metas=['./colcon.meta'], mixin=None, mixin_files=None, mixin_verb=('build',), packages_above=None, packages_above_and_dependencies=None, packages_above_depth=None, packages_end=None, packages_ignore=None, packages_ignore_regex=None, packages_select=['urdf_test', 'urdf_launch'], packages_select_build_failed=False, packages_select_by_dep=None, packages_select_regex=None, packages_select_test_failures=False, packages_skip=None, packages_skip_build_finished=False, packages_skip_by_dep=None, packages_skip_regex=None, packages_skip_test_passed=False, packages_skip_up_to=None, packages_start=None, packages_up_to=None, packages_up_to_regex=None, parallel_workers=8, paths=None, symlink_install=False, test_result_base=None, verb_extension=<colcon_core.verb.build.BuildVerb object at 0x7fa7356b8a00>, verb_name='build', verb_parser=<colcon_mixin.mixin.mixin_argument.MixinArgumentDecorator object at 0x7fa73558b910>)
[0.898s] Level 1:colcon.colcon_core.package_discovery:discover_packages(colcon_meta) check parameters
[0.898s] Level 1:colcon.colcon_core.package_discovery:discover_packages(recursive) check parameters
[0.898s] Level 1:colcon.colcon_core.package_discovery:discover_packages(ignore) check parameters
[0.898s] Level 1:colcon.colcon_core.package_discovery:discover_packages(path) check parameters
[0.898s] Level 1:colcon.colcon_core.package_discovery:discover_packages(colcon_meta) discover
[0.898s] Level 1:colcon.colcon_core.package_discovery:discover_packages(recursive) discover
[0.898s] INFO:colcon.colcon_core.package_discovery:Crawling recursively for packages in '/home/robotics/ros2_ws'
[0.898s] Level 1:colcon.colcon_core.package_identification:_identify(.) by extensions ['ignore', 'ignore_ament_install']
[0.899s] Level 1:colcon.colcon_core.package_identification:_identify(.) by extension 'ignore'
[0.899s] Level 1:colcon.colcon_core.package_identification:_identify(.) by extension 'ignore_ament_install'
[0.899s] Level 1:colcon.colcon_core.package_identification:_identify(.) by extensions ['colcon_pkg']
[0.899s] Level 1:colcon.colcon_core.package_identification:_identify(.) by extension 'colcon_pkg'
[0.899s] Level 1:colcon.colcon_core.package_identification:_identify(.) by extensions ['colcon_meta']
[0.899s] Level 1:colcon.colcon_core.package_identification:_identify(.) by extension 'colcon_meta'
[0.899s] Level 1:colcon.colcon_core.package_identification:_identify(.) by extensions ['ros']
[0.899s] Level 1:colcon.colcon_core.package_identification:_identify(.) by extension 'ros'
[0.916s] Level 1:colcon.colcon_core.package_identification:_identify(.) by extensions ['cmake', 'python']
[0.916s] Level 1:colcon.colcon_core.package_identification:_identify(.) by extension 'cmake'
[0.916s] Level 1:colcon.colcon_core.package_identification:_identify(.) by extension 'python'
[0.916s] Level 1:colcon.colcon_core.package_identification:_identify(.) by extensions ['python_setup_py']
[0.916s] Level 1:colcon.colcon_core.package_identification:_identify(.) by extension 'python_setup_py'
[0.916s] Level 1:colcon.colcon_core.package_identification:_identify(build) by extensions ['ignore', 'ignore_ament_install']
[0.916s] Level 1:colcon.colcon_core.package_identification:_identify(build) by extension 'ignore'
[0.916s] Level 1:colcon.colcon_core.package_identification:_identify(build) ignored
[0.917s] Level 1:colcon.colcon_core.package_identification:_identify(install) by extensions ['ignore', 'ignore_ament_install']
[0.917s] Level 1:colcon.colcon_core.package_identification:_identify(install) by extension 'ignore'
[0.917s] Level 1:colcon.colcon_core.package_identification:_identify(install) ignored
[0.917s] Level 1:colcon.colcon_core.package_identification:_identify(log) by extensions ['ignore', 'ignore_ament_install']
[0.917s] Level 1:colcon.colcon_core.package_identification:_identify(log) by extension 'ignore'
[0.917s] Level 1:colcon.colcon_core.package_identification:_identify(log) ignored
[0.917s] Level 1:colcon.colcon_core.package_identification:_identify(src) by extensions ['ignore', 'ignore_ament_install']
[0.917s] Level 1:colcon.colcon_core.package_identification:_identify(src) by extension 'ignore'
[0.917s] Level 1:colcon.colcon_core.package_identification:_identify(src) by extension 'ignore_ament_install'
[0.917s] Level 1:colcon.colcon_core.package_identification:_identify(src) by extensions ['colcon_pkg']
[0.918s] Level 1:colcon.colcon_core.package_identification:_identify(src) by extension 'colcon_pkg'
[0.918s] Level 1:colcon.colcon_core.package_identification:_identify(src) by extensions ['colcon_meta']
[0.918s] Level 1:colcon.colcon_core.package_identification:_identify(src) by extension 'colcon_meta'
[0.918s] Level 1:colcon.colcon_core.package_identification:_identify(src) by extensions ['ros']
[0.918s] Level 1:colcon.colcon_core.package_identification:_identify(src) by extension 'ros'
[0.918s] Level 1:colcon.colcon_core.package_identification:_identify(src) by extensions ['cmake', 'python']
[0.918s] Level 1:colcon.colcon_core.package_identification:_identify(src) by extension 'cmake'
[0.918s] Level 1:colcon.colcon_core.package_identification:_identify(src) by extension 'python'
[0.918s] Level 1:colcon.colcon_core.package_identification:_identify(src) by extensions ['python_setup_py']
[0.918s] Level 1:colcon.colcon_core.package_identification:_identify(src) by extension 'python_setup_py'
[0.918s] Level 1:colcon.colcon_core.package_identification:_identify(src/cpp_pubsub) by extensions ['ignore', 'ignore_ament_install']
[0.918s] Level 1:colcon.colcon_core.package_identification:_identify(src/cpp_pubsub) by extension 'ignore'
[0.918s] Level 1:colcon.colcon_core.package_identification:_identify(src/cpp_pubsub) by extension 'ignore_ament_install'
[0.918s] Level 1:colcon.colcon_core.package_identification:_identify(src/cpp_pubsub) by extensions ['colcon_pkg']
[0.919s] Level 1:colcon.colcon_core.package_identification:_identify(src/cpp_pubsub) by extension 'colcon_pkg'
[0.919s] Level 1:colcon.colcon_core.package_identification:_identify(src/cpp_pubsub) by extensions ['colcon_meta']
[0.919s] Level 1:colcon.colcon_core.package_identification:_identify(src/cpp_pubsub) by extension 'colcon_meta'
[0.919s] Level 1:colcon.colcon_core.package_identification:_identify(src/cpp_pubsub) by extensions ['ros']
[0.919s] Level 1:colcon.colcon_core.package_identification:_identify(src/cpp_pubsub) by extension 'ros'
[0.922s] DEBUG:colcon.colcon_core.package_identification:Package 'src/cpp_pubsub' with type 'ros.ament_cmake' and name 'cpp_pubsub'
[0.922s] Level 1:colcon.colcon_core.package_identification:_identify(src/rqt_image_view) by extensions ['ignore', 'ignore_ament_install']
[0.922s] Level 1:colcon.colcon_core.package_identification:_identify(src/rqt_image_view) by extension 'ignore'
[0.922s] Level 1:colcon.colcon_core.package_identification:_identify(src/rqt_image_view) by extension 'ignore_ament_install'
[0.922s] Level 1:colcon.colcon_core.package_identification:_identify(src/rqt_image_view) by extensions ['colcon_pkg']
[0.922s] Level 1:colcon.colcon_core.package_identification:_identify(src/rqt_image_view) by extension 'colcon_pkg'
[0.922s] Level 1:colcon.colcon_core.package_identification:_identify(src/rqt_image_view) by extensions ['colcon_meta']
[0.922s] Level 1:colcon.colcon_core.package_identification:_identify(src/rqt_image_view) by extension 'colcon_meta'
[0.922s] Level 1:colcon.colcon_core.package_identification:_identify(src/rqt_image_view) by extensions ['ros']
[0.923s] Level 1:colcon.colcon_core.package_identification:_identify(src/rqt_image_view) by extension 'ros'
[0.924s] DEBUG:colcon.colcon_core.package_identification:Package 'src/rqt_image_view' with type 'ros.ament_cmake' and name 'rqt_image_view'
[0.924s] Level 1:colcon.colcon_core.package_identification:_identify(src/teleop_twist_keyboard) by extensions ['ignore', 'ignore_ament_install']
[0.924s] Level 1:colcon.colcon_core.package_identification:_identify(src/teleop_twist_keyboard) by extension 'ignore'
[0.924s] Level 1:colcon.colcon_core.package_identification:_identify(src/teleop_twist_keyboard) by extension 'ignore_ament_install'
[0.924s] Level 1:colcon.colcon_core.package_identification:_identify(src/teleop_twist_keyboard) by extensions ['colcon_pkg']
[0.924s] Level 1:colcon.colcon_core.package_identification:_identify(src/teleop_twist_keyboard) by extension 'colcon_pkg'
[0.924s] Level 1:colcon.colcon_core.package_identification:_identify(src/teleop_twist_keyboard) by extensions ['colcon_meta']
[0.924s] Level 1:colcon.colcon_core.package_identification:_identify(src/teleop_twist_keyboard) by extension 'colcon_meta'
[0.924s] Level 1:colcon.colcon_core.package_identification:_identify(src/teleop_twist_keyboard) by extensions ['ros']
[0.924s] Level 1:colcon.colcon_core.package_identification:_identify(src/teleop_twist_keyboard) by extension 'ros'
[0.925s] DEBUG:colcon.colcon_core.package_identification:Package 'src/teleop_twist_keyboard' with type 'ros.ament_python' and name 'teleop_twist_keyboard'
[0.925s] Level 1:colcon.colcon_core.package_identification:_identify(src/urdf_launch) by extensions ['ignore', 'ignore_ament_install']
[0.925s] Level 1:colcon.colcon_core.package_identification:_identify(src/urdf_launch) by extension 'ignore'
[0.925s] Level 1:colcon.colcon_core.package_identification:_identify(src/urdf_launch) by extension 'ignore_ament_install'
[0.925s] Level 1:colcon.colcon_core.package_identification:_identify(src/urdf_launch) by extensions ['colcon_pkg']
[0.925s] Level 1:colcon.colcon_core.package_identification:_identify(src/urdf_launch) by extension 'colcon_pkg'
[0.926s] Level 1:colcon.colcon_core.package_identification:_identify(src/urdf_launch) by extensions ['colcon_meta']
[0.926s] Level 1:colcon.colcon_core.package_identification:_identify(src/urdf_launch) by extension 'colcon_meta'
[0.926s] Level 1:colcon.colcon_core.package_identification:_identify(src/urdf_launch) by extensions ['ros']
[0.926s] Level 1:colcon.colcon_core.package_identification:_identify(src/urdf_launch) by extension 'ros'
[0.927s] DEBUG:colcon.colcon_core.package_identification:Package 'src/urdf_launch' with type 'ros.ament_cmake' and name 'urdf_launch'
[0.927s] Level 1:colcon.colcon_core.package_identification:_identify(src/urdf_test) by extensions ['ignore', 'ignore_ament_install']
[0.927s] Level 1:colcon.colcon_core.package_identification:_identify(src/urdf_test) by extension 'ignore'
[0.927s] Level 1:colcon.colcon_core.package_identification:_identify(src/urdf_test) by extension 'ignore_ament_install'
[0.927s] Level 1:colcon.colcon_core.package_identification:_identify(src/urdf_test) by extensions ['colcon_pkg']
[0.927s] Level 1:colcon.colcon_core.package_identification:_identify(src/urdf_test) by extension 'colcon_pkg'
[0.927s] Level 1:colcon.colcon_core.package_identification:_identify(src/urdf_test) by extensions ['colcon_meta']
[0.927s] Level 1:colcon.colcon_core.package_identification:_identify(src/urdf_test) by extension 'colcon_meta'
[0.927s] Level 1:colcon.colcon_core.package_identification:_identify(src/urdf_test) by extensions ['ros']
[0.927s] Level 1:colcon.colcon_core.package_identification:_identify(src/urdf_test) by extension 'ros'
[0.928s] DEBUG:colcon.colcon_core.package_identification:Package 'src/urdf_test' with type 'ros.ament_cmake' and name 'urdf_test'
[0.928s] Level 1:colcon.colcon_core.package_identification:_identify(src/vision_opencv) by extensions ['ignore', 'ignore_ament_install']
[0.928s] Level 1:colcon.colcon_core.package_identification:_identify(src/vision_opencv) by extension 'ignore'
[0.928s] Level 1:colcon.colcon_core.package_identification:_identify(src/vision_opencv) by extension 'ignore_ament_install'
[0.928s] Level 1:colcon.colcon_core.package_identification:_identify(src/vision_opencv) by extensions ['colcon_pkg']
[0.928s] Level 1:colcon.colcon_core.package_identification:_identify(src/vision_opencv) by extension 'colcon_pkg'
[0.928s] Level 1:colcon.colcon_core.package_identification:_identify(src/vision_opencv) by extensions ['colcon_meta']
[0.928s] Level 1:colcon.colcon_core.package_identification:_identify(src/vision_opencv) by extension 'colcon_meta'
[0.928s] Level 1:colcon.colcon_core.package_identification:_identify(src/vision_opencv) by extensions ['ros']
[0.928s] Level 1:colcon.colcon_core.package_identification:_identify(src/vision_opencv) by extension 'ros'
[0.929s] Level 1:colcon.colcon_core.package_identification:_identify(src/vision_opencv) by extensions ['cmake', 'python']
[0.929s] Level 1:colcon.colcon_core.package_identification:_identify(src/vision_opencv) by extension 'cmake'
[0.929s] Level 1:colcon.colcon_core.package_identification:_identify(src/vision_opencv) by extension 'python'
[0.929s] Level 1:colcon.colcon_core.package_identification:_identify(src/vision_opencv) by extensions ['python_setup_py']
[0.929s] Level 1:colcon.colcon_core.package_identification:_identify(src/vision_opencv) by extension 'python_setup_py'
[0.929s] Level 1:colcon.colcon_core.package_identification:_identify(src/vision_opencv/cv_bridge) by extensions ['ignore', 'ignore_ament_install']
[0.929s] Level 1:colcon.colcon_core.package_identification:_identify(src/vision_opencv/cv_bridge) by extension 'ignore'
[0.929s] Level 1:colcon.colcon_core.package_identification:_identify(src/vision_opencv/cv_bridge) by extension 'ignore_ament_install'
[0.929s] Level 1:colcon.colcon_core.package_identification:_identify(src/vision_opencv/cv_bridge) by extensions ['colcon_pkg']
[0.929s] Level 1:colcon.colcon_core.package_identification:_identify(src/vision_opencv/cv_bridge) by extension 'colcon_pkg'
[0.929s] Level 1:colcon.colcon_core.package_identification:_identify(src/vision_opencv/cv_bridge) by extensions ['colcon_meta']
[0.929s] Level 1:colcon.colcon_core.package_identification:_identify(src/vision_opencv/cv_bridge) by extension 'colcon_meta'
[0.929s] Level 1:colcon.colcon_core.package_identification:_identify(src/vision_opencv/cv_bridge) by extensions ['ros']
[0.929s] Level 1:colcon.colcon_core.package_identification:_identify(src/vision_opencv/cv_bridge) by extension 'ros'
[0.931s] DEBUG:colcon.colcon_core.package_identification:Package 'src/vision_opencv/cv_bridge' with type 'ros.ament_cmake' and name 'cv_bridge'
[0.931s] Level 1:colcon.colcon_core.package_identification:_identify(src/vision_opencv/image_geometry) by extensions ['ignore', 'ignore_ament_install']
[0.931s] Level 1:colcon.colcon_core.package_identification:_identify(src/vision_opencv/image_geometry) by extension 'ignore'
[0.931s] Level 1:colcon.colcon_core.package_identification:_identify(src/vision_opencv/image_geometry) by extension 'ignore_ament_install'
[0.931s] Level 1:colcon.colcon_core.package_identification:_identify(src/vision_opencv/image_geometry) by extensions ['colcon_pkg']
[0.931s] Level 1:colcon.colcon_core.package_identification:_identify(src/vision_opencv/image_geometry) by extension 'colcon_pkg'
[0.932s] Level 1:colcon.colcon_core.package_identification:_identify(src/vision_opencv/image_geometry) by extensions ['colcon_meta']
[0.932s] Level 1:colcon.colcon_core.package_identification:_identify(src/vision_opencv/image_geometry) by extension 'colcon_meta'
[0.932s] Level 1:colcon.colcon_core.package_identification:_identify(src/vision_opencv/image_geometry) by extensions ['ros']
[0.932s] Level 1:colcon.colcon_core.package_identification:_identify(src/vision_opencv/image_geometry) by extension 'ros'
[0.933s] DEBUG:colcon.colcon_core.package_identification:Package 'src/vision_opencv/image_geometry' with type 'ros.ament_cmake' and name 'image_geometry'
[0.933s] Level 1:colcon.colcon_core.package_identification:_identify(src/vision_opencv/opencv_tests) by extensions ['ignore', 'ignore_ament_install']
[0.933s] Level 1:colcon.colcon_core.package_identification:_identify(src/vision_opencv/opencv_tests) by extension 'ignore'
[0.933s] Level 1:colcon.colcon_core.package_identification:_identify(src/vision_opencv/opencv_tests) by extension 'ignore_ament_install'
[0.933s] Level 1:colcon.colcon_core.package_identification:_identify(src/vision_opencv/opencv_tests) by extensions ['colcon_pkg']
[0.933s] Level 1:colcon.colcon_core.package_identification:_identify(src/vision_opencv/opencv_tests) by extension 'colcon_pkg'
[0.933s] Level 1:colcon.colcon_core.package_identification:_identify(src/vision_opencv/opencv_tests) by extensions ['colcon_meta']
[0.933s] Level 1:colcon.colcon_core.package_identification:_identify(src/vision_opencv/opencv_tests) by extension 'colcon_meta'
[0.933s] Level 1:colcon.colcon_core.package_identification:_identify(src/vision_opencv/opencv_tests) by extensions ['ros']
[0.933s] Level 1:colcon.colcon_core.package_identification:_identify(src/vision_opencv/opencv_tests) by extension 'ros'
[0.934s] DEBUG:colcon.colcon_core.package_identification:Package 'src/vision_opencv/opencv_tests' with type 'ros.ament_python' and name 'opencv_tests'
[0.934s] Level 1:colcon.colcon_core.package_identification:_identify(src/vision_opencv/vision_opencv) by extensions ['ignore', 'ignore_ament_install']
[0.934s] Level 1:colcon.colcon_core.package_identification:_identify(src/vision_opencv/vision_opencv) by extension 'ignore'
[0.934s] Level 1:colcon.colcon_core.package_identification:_identify(src/vision_opencv/vision_opencv) by extension 'ignore_ament_install'
[0.934s] Level 1:colcon.colcon_core.package_identification:_identify(src/vision_opencv/vision_opencv) by extensions ['colcon_pkg']
[0.934s] Level 1:colcon.colcon_core.package_identification:_identify(src/vision_opencv/vision_opencv) by extension 'colcon_pkg'
[0.934s] Level 1:colcon.colcon_core.package_identification:_identify(src/vision_opencv/vision_opencv) by extensions ['colcon_meta']
[0.934s] Level 1:colcon.colcon_core.package_identification:_identify(src/vision_opencv/vision_opencv) by extension 'colcon_meta'
[0.935s] Level 1:colcon.colcon_core.package_identification:_identify(src/vision_opencv/vision_opencv) by extensions ['ros']
[0.935s] Level 1:colcon.colcon_core.package_identification:_identify(src/vision_opencv/vision_opencv) by extension 'ros'
[0.935s] DEBUG:colcon.colcon_core.package_identification:Package 'src/vision_opencv/vision_opencv' with type 'ros.ament_cmake' and name 'vision_opencv'
[0.935s] Level 1:colcon.colcon_core.package_discovery:discover_packages(recursive) using defaults
[0.935s] Level 1:colcon.colcon_core.package_discovery:discover_packages(ignore) discover
[0.935s] Level 1:colcon.colcon_core.package_discovery:discover_packages(ignore) using defaults
[0.936s] Level 1:colcon.colcon_core.package_discovery:discover_packages(path) discover
[0.936s] Level 1:colcon.colcon_core.package_discovery:discover_packages(path) using defaults
[1.012s] INFO:colcon.colcon_core.package_selection:Skipping not selected package 'cpp_pubsub' in 'src/cpp_pubsub'
[1.012s] INFO:colcon.colcon_core.package_selection:Skipping not selected package 'cv_bridge' in 'src/vision_opencv/cv_bridge'
[1.012s] INFO:colcon.colcon_core.package_selection:Skipping not selected package 'image_geometry' in 'src/vision_opencv/image_geometry'
[1.012s] INFO:colcon.colcon_core.package_selection:Skipping not selected package 'teleop_twist_keyboard' in 'src/teleop_twist_keyboard'
[1.012s] INFO:colcon.colcon_core.package_selection:Skipping not selected package 'opencv_tests' in 'src/vision_opencv/opencv_tests'
[1.012s] INFO:colcon.colcon_core.package_selection:Skipping not selected package 'rqt_image_view' in 'src/rqt_image_view'
[1.012s] INFO:colcon.colcon_core.package_selection:Skipping not selected package 'vision_opencv' in 'src/vision_opencv/vision_opencv'
[1.013s] Level 1:colcon.colcon_core.package_discovery:discover_packages(prefix_path) check parameters
[1.013s] Level 1:colcon.colcon_core.package_discovery:discover_packages(prefix_path) discover
[1.035s] DEBUG:colcon.colcon_installed_package_information.package_discovery:Found 1 installed packages in /home/robotics/ros2_ws/install
[1.052s] DEBUG:colcon.colcon_installed_package_information.package_discovery:Found 345 installed packages in /home/robotics/tools/ros2_humble/install
[1.056s] Level 1:colcon.colcon_core.package_discovery:discover_packages(prefix_path) using defaults
[1.112s] Level 5:colcon.colcon_core.verb:set package 'urdf_launch' build argument 'cmake_args' from command line to 'None'
[1.112s] Level 5:colcon.colcon_core.verb:set package 'urdf_launch' build argument 'cmake_target' from command line to 'None'
[1.112s] Level 5:colcon.colcon_core.verb:set package 'urdf_launch' build argument 'cmake_target_skip_unavailable' from command line to 'False'
[1.112s] Level 5:colcon.colcon_core.verb:set package 'urdf_launch' build argument 'cmake_clean_cache' from command line to 'False'
[1.112s] Level 5:colcon.colcon_core.verb:set package 'urdf_launch' build argument 'cmake_clean_first' from command line to 'False'
[1.112s] Level 5:colcon.colcon_core.verb:set package 'urdf_launch' build argument 'cmake_force_configure' from command line to 'False'
[1.112s] Level 5:colcon.colcon_core.verb:set package 'urdf_launch' build argument 'ament_cmake_args' from command line to 'None'
[1.112s] Level 5:colcon.colcon_core.verb:set package 'urdf_launch' build argument 'catkin_cmake_args' from command line to 'None'
[1.112s] Level 5:colcon.colcon_core.verb:set package 'urdf_launch' build argument 'catkin_skip_building_tests' from command line to 'False'
[1.112s] DEBUG:colcon.colcon_core.verb:Building package 'urdf_launch' with the following arguments: {'ament_cmake_args': None, 'build_base': '/home/robotics/ros2_ws/build/urdf_launch', 'catkin_cmake_args': None, 'catkin_skip_building_tests': False, 'cmake_args': None, 'cmake_clean_cache': False, 'cmake_clean_first': False, 'cmake_force_configure': False, 'cmake_target': None, 'cmake_target_skip_unavailable': False, 'install_base': '/home/robotics/ros2_ws/install/urdf_launch', 'merge_install': False, 'path': '/home/robotics/ros2_ws/src/urdf_launch', 'symlink_install': False, 'test_result_base': None}
[1.113s] Level 5:colcon.colcon_core.verb:set package 'urdf_test' build argument 'cmake_args' from command line to 'None'
[1.113s] Level 5:colcon.colcon_core.verb:set package 'urdf_test' build argument 'cmake_target' from command line to 'None'
[1.113s] Level 5:colcon.colcon_core.verb:set package 'urdf_test' build argument 'cmake_target_skip_unavailable' from command line to 'False'
[1.113s] Level 5:colcon.colcon_core.verb:set package 'urdf_test' build argument 'cmake_clean_cache' from command line to 'False'
[1.113s] Level 5:colcon.colcon_core.verb:set package 'urdf_test' build argument 'cmake_clean_first' from command line to 'False'
[1.113s] Level 5:colcon.colcon_core.verb:set package 'urdf_test' build argument 'cmake_force_configure' from command line to 'False'
[1.113s] Level 5:colcon.colcon_core.verb:set package 'urdf_test' build argument 'ament_cmake_args' from command line to 'None'
[1.113s] Level 5:colcon.colcon_core.verb:set package 'urdf_test' build argument 'catkin_cmake_args' from command line to 'None'
[1.113s] Level 5:colcon.colcon_core.verb:set package 'urdf_test' build argument 'catkin_skip_building_tests' from command line to 'False'
[1.113s] DEBUG:colcon.colcon_core.verb:Building package 'urdf_test' with the following arguments: {'ament_cmake_args': None, 'build_base': '/home/robotics/ros2_ws/build/urdf_test', 'catkin_cmake_args': None, 'catkin_skip_building_tests': False, 'cmake_args': None, 'cmake_clean_cache': False, 'cmake_clean_first': False, 'cmake_force_configure': False, 'cmake_target': None, 'cmake_target_skip_unavailable': False, 'install_base': '/home/robotics/ros2_ws/install/urdf_test', 'merge_install': False, 'path': '/home/robotics/ros2_ws/src/urdf_test', 'symlink_install': False, 'test_result_base': None}
[1.114s] INFO:colcon.colcon_core.executor:Executing jobs using 'parallel' executor
[1.115s] DEBUG:colcon.colcon_parallel_executor.executor.parallel:run_until_complete
[1.115s] INFO:colcon.colcon_ros.task.ament_cmake.build:Building ROS package in '/home/robotics/ros2_ws/src/urdf_launch' with build type 'ament_cmake'
[1.116s] INFO:colcon.colcon_cmake.task.cmake.build:Building CMake package in '/home/robotics/ros2_ws/src/urdf_launch'
[1.130s] INFO:colcon.colcon_core.plugin_system:Skipping extension 'colcon_core.shell.bat': Not used on non-Windows systems
[1.131s] INFO:colcon.colcon_core.shell:Skip shell extension 'powershell' for command environment: Not usable outside of PowerShell
[1.131s] DEBUG:colcon.colcon_core.shell:Skip shell extension 'dsv' for command environment
[1.189s] INFO:colcon.colcon_ros.task.ament_cmake.build:Building ROS package in '/home/robotics/ros2_ws/src/urdf_test' with build type 'ament_cmake'
[1.190s] INFO:colcon.colcon_cmake.task.cmake.build:Building CMake package in '/home/robotics/ros2_ws/src/urdf_test'
[1.190s] INFO:colcon.colcon_core.shell:Skip shell extension 'powershell' for command environment: Not usable outside of PowerShell
[1.191s] DEBUG:colcon.colcon_core.shell:Skip shell extension 'dsv' for command environment
[1.250s] DEBUG:colcon.colcon_core.event_handler.log_command:Invoking command in '/home/robotics/ros2_ws/build/urdf_launch': CMAKE_PREFIX_PATH=${CMAKE_PREFIX_PATH}:/home/robotics/tools/ros2_humble/install/rqt_bag_plugins:/home/robotics/tools/ros2_humble/install/rqt_bag:/home/robotics/tools/ros2_humble/install/ros2bag:/home/robotics/tools/ros2_humble/install/tracetools_test:/home/robotics/tools/ros2_humble/install/tracetools_launch:/home/robotics/tools/ros2_humble/install/topic_monitor:/home/robotics/tools/ros2_humble/install/tf2_tools:/home/robotics/tools/ros2_humble/install/examples_tf2_py:/home/robotics/tools/ros2_humble/install/tf2_ros_py:/home/robotics/tools/ros2_humble/install/sros2:/home/robotics/tools/ros2_humble/install/rqt_topic:/home/robotics/tools/ros2_humble/install/rqt_srv:/home/robotics/tools/ros2_humble/install/rqt_shell:/home/robotics/tools/ros2_humble/install/rqt_service_caller:/home/robotics/tools/ros2_humble/install/rqt_reconfigure:/home/robotics/tools/ros2_humble/install/rqt_py_console:/home/robotics/tools/ros2_humble/install/rqt_publisher:/home/robotics/tools/ros2_humble/install/rqt_plot:/home/robotics/tools/ros2_humble/install/rqt_action:/home/robotics/tools/ros2_humble/install/rqt_msg:/home/robotics/tools/ros2_humble/install/rqt_console:/home/robotics/tools/ros2_humble/install/rqt:/home/robotics/tools/ros2_humble/install/rqt_graph:/home/robotics/tools/ros2_humble/install/rqt_gui_py:/home/robotics/tools/ros2_humble/install/rqt_gui:/home/robotics/tools/ros2_humble/install/ros2trace:/home/robotics/tools/ros2_humble/install/ros2topic:/home/robotics/tools/ros2_humble/install/ros2test:/home/robotics/tools/ros2_humble/install/ros2component:/home/robotics/tools/ros2_humble/install/ros2param:/home/robotics/tools/ros2_humble/install/ros2lifecycle:/home/robotics/tools/ros2_humble/install/ros2service:/home/robotics/tools/ros2_humble/install/ros2run:/home/robotics/tools/ros2_humble/install/ros2launch:/home/robotics/tools/ros2_humble/install/ros2pkg:/home/robotics/tools/ros2_humble/install/ros2node:/home/robotics/tools/ros2_humble/install/ros2multicast:/home/robotics/tools/ros2_humble/install/ros2interface:/home/robotics/tools/ros2_humble/install/ros2doctor:/home/robotics/tools/ros2_humble/install/ros2action:/home/robotics/tools/ros2_humble/install/ros2cli:/home/robotics/tools/ros2_humble/install/quality_of_service_demo_py:/home/robotics/tools/ros2_humble/install/lifecycle_py:/home/robotics/tools/ros2_humble/install/launch_testing_ros:/home/robotics/tools/ros2_humble/install/launch_ros:/home/robotics/tools/ros2_humble/install/examples_rclpy_pointcloud_publisher:/home/robotics/tools/ros2_humble/install/examples_rclpy_minimal_subscriber:/home/robotics/tools/ros2_humble/install/examples_rclpy_minimal_service:/home/robotics/tools/ros2_humble/install/examples_rclpy_minimal_publisher:/home/robotics/tools/ros2_humble/install/examples_rclpy_minimal_client:/home/robotics/tools/ros2_humble/install/examples_rclpy_minimal_action_server:/home/robotics/tools/ros2_humble/install/examples_rclpy_minimal_action_client:/home/robotics/tools/ros2_humble/install/examples_rclpy_guard_conditions:/home/robotics/tools/ros2_humble/install/examples_rclpy_executors:/home/robotics/tools/ros2_humble/install/demo_nodes_py:/home/robotics/tools/ros2_humble/install/action_tutorials_py:/home/robotics/tools/ros2_humble/install/ament_uncrustify:/home/robotics/tools/ros2_humble/install/tracetools_trace:/home/robotics/tools/ros2_humble/install/tracetools_read:/home/robotics/tools/ros2_humble/install/test_tracetools_launch:/home/robotics/tools/ros2_humble/install/test_launch_ros:/home/robotics/tools/ros2_humble/install/sensor_msgs_py:/home/robotics/tools/ros2_humble/install/rpyutils:/home/robotics/tools/ros2_humble/install/rosidl_runtime_py:/home/robotics/tools/ros2_humble/install/rosidl_cli:/home/robotics/tools/ros2_humble/install/launch_pytest:/home/robotics/tools/ros2_humble/install/launch_testing:/home/robotics/tools/ros2_humble/install/launch_yaml:/home/robotics/tools/ros2_humble/install/launch_xml:/home/robotics/tools/ros2_humble/install/launch:/home/robotics/tools/ros2_humble/install/osrf_pycommon:/home/robotics/tools/ros2_humble/install/launch_testing_examples:/home/robotics/tools/ros2_humble/install/domain_coordinator:/home/robotics/tools/ros2_humble/install/ament_xmllint:/home/robotics/tools/ros2_humble/install/ament_pyflakes:/home/robotics/tools/ros2_humble/install/ament_pycodestyle:/home/robotics/tools/ros2_humble/install/ament_pep257:/home/robotics/tools/ros2_humble/install/ament_pclint:/home/robotics/tools/ros2_humble/install/ament_package:/home/robotics/tools/ros2_humble/install/ament_mypy:/home/robotics/tools/ros2_humble/install/ament_lint_cmake:/home/robotics/tools/ros2_humble/install/ament_flake8:/home/robotics/tools/ros2_humble/install/ament_copyright:/home/robotics/tools/ros2_humble/install/ament_lint:/home/robotics/tools/ros2_humble/install/ament_index_python:/home/robotics/tools/ros2_humble/install/ament_cpplint:/home/robotics/tools/ros2_humble/install/ament_cppcheck:/home/robotics/tools/ros2_humble/install/ament_clang_tidy:/home/robotics/tools/ros2_humble/install/ament_clang_format /usr/bin/cmake /home/robotics/ros2_ws/src/urdf_launch -DCMAKE_INSTALL_PREFIX=/home/robotics/ros2_ws/install/urdf_launch
[1.279s] DEBUG:colcon.colcon_core.event_handler.log_command:Invoking command in '/home/robotics/ros2_ws/build/urdf_test': CMAKE_PREFIX_PATH=${CMAKE_PREFIX_PATH}:/home/robotics/tools/ros2_humble/install/rqt_bag_plugins:/home/robotics/tools/ros2_humble/install/rqt_bag:/home/robotics/tools/ros2_humble/install/ros2bag:/home/robotics/tools/ros2_humble/install/tracetools_test:/home/robotics/tools/ros2_humble/install/tracetools_launch:/home/robotics/tools/ros2_humble/install/topic_monitor:/home/robotics/tools/ros2_humble/install/tf2_tools:/home/robotics/tools/ros2_humble/install/examples_tf2_py:/home/robotics/tools/ros2_humble/install/tf2_ros_py:/home/robotics/tools/ros2_humble/install/sros2:/home/robotics/tools/ros2_humble/install/rqt_topic:/home/robotics/tools/ros2_humble/install/rqt_srv:/home/robotics/tools/ros2_humble/install/rqt_shell:/home/robotics/tools/ros2_humble/install/rqt_service_caller:/home/robotics/tools/ros2_humble/install/rqt_reconfigure:/home/robotics/tools/ros2_humble/install/rqt_py_console:/home/robotics/tools/ros2_humble/install/rqt_publisher:/home/robotics/tools/ros2_humble/install/rqt_plot:/home/robotics/tools/ros2_humble/install/rqt_action:/home/robotics/tools/ros2_humble/install/rqt_msg:/home/robotics/tools/ros2_humble/install/rqt_console:/home/robotics/tools/ros2_humble/install/rqt:/home/robotics/tools/ros2_humble/install/rqt_graph:/home/robotics/tools/ros2_humble/install/rqt_gui_py:/home/robotics/tools/ros2_humble/install/rqt_gui:/home/robotics/tools/ros2_humble/install/ros2trace:/home/robotics/tools/ros2_humble/install/ros2topic:/home/robotics/tools/ros2_humble/install/ros2test:/home/robotics/tools/ros2_humble/install/ros2component:/home/robotics/tools/ros2_humble/install/ros2param:/home/robotics/tools/ros2_humble/install/ros2lifecycle:/home/robotics/tools/ros2_humble/install/ros2service:/home/robotics/tools/ros2_humble/install/ros2run:/home/robotics/tools/ros2_humble/install/ros2launch:/home/robotics/tools/ros2_humble/install/ros2pkg:/home/robotics/tools/ros2_humble/install/ros2node:/home/robotics/tools/ros2_humble/install/ros2multicast:/home/robotics/tools/ros2_humble/install/ros2interface:/home/robotics/tools/ros2_humble/install/ros2doctor:/home/robotics/tools/ros2_humble/install/ros2action:/home/robotics/tools/ros2_humble/install/ros2cli:/home/robotics/tools/ros2_humble/install/quality_of_service_demo_py:/home/robotics/tools/ros2_humble/install/lifecycle_py:/home/robotics/tools/ros2_humble/install/launch_testing_ros:/home/robotics/tools/ros2_humble/install/launch_ros:/home/robotics/tools/ros2_humble/install/examples_rclpy_pointcloud_publisher:/home/robotics/tools/ros2_humble/install/examples_rclpy_minimal_subscriber:/home/robotics/tools/ros2_humble/install/examples_rclpy_minimal_service:/home/robotics/tools/ros2_humble/install/examples_rclpy_minimal_publisher:/home/robotics/tools/ros2_humble/install/examples_rclpy_minimal_client:/home/robotics/tools/ros2_humble/install/examples_rclpy_minimal_action_server:/home/robotics/tools/ros2_humble/install/examples_rclpy_minimal_action_client:/home/robotics/tools/ros2_humble/install/examples_rclpy_guard_conditions:/home/robotics/tools/ros2_humble/install/examples_rclpy_executors:/home/robotics/tools/ros2_humble/install/demo_nodes_py:/home/robotics/tools/ros2_humble/install/action_tutorials_py:/home/robotics/tools/ros2_humble/install/ament_uncrustify:/home/robotics/tools/ros2_humble/install/tracetools_trace:/home/robotics/tools/ros2_humble/install/tracetools_read:/home/robotics/tools/ros2_humble/install/test_tracetools_launch:/home/robotics/tools/ros2_humble/install/test_launch_ros:/home/robotics/tools/ros2_humble/install/sensor_msgs_py:/home/robotics/tools/ros2_humble/install/rpyutils:/home/robotics/tools/ros2_humble/install/rosidl_runtime_py:/home/robotics/tools/ros2_humble/install/rosidl_cli:/home/robotics/tools/ros2_humble/install/launch_pytest:/home/robotics/tools/ros2_humble/install/launch_testing:/home/robotics/tools/ros2_humble/install/launch_yaml:/home/robotics/tools/ros2_humble/install/launch_xml:/home/robotics/tools/ros2_humble/install/launch:/home/robotics/tools/ros2_humble/install/osrf_pycommon:/home/robotics/tools/ros2_humble/install/launch_testing_examples:/home/robotics/tools/ros2_humble/install/domain_coordinator:/home/robotics/tools/ros2_humble/install/ament_xmllint:/home/robotics/tools/ros2_humble/install/ament_pyflakes:/home/robotics/tools/ros2_humble/install/ament_pycodestyle:/home/robotics/tools/ros2_humble/install/ament_pep257:/home/robotics/tools/ros2_humble/install/ament_pclint:/home/robotics/tools/ros2_humble/install/ament_package:/home/robotics/tools/ros2_humble/install/ament_mypy:/home/robotics/tools/ros2_humble/install/ament_lint_cmake:/home/robotics/tools/ros2_humble/install/ament_flake8:/home/robotics/tools/ros2_humble/install/ament_copyright:/home/robotics/tools/ros2_humble/install/ament_lint:/home/robotics/tools/ros2_humble/install/ament_index_python:/home/robotics/tools/ros2_humble/install/ament_cpplint:/home/robotics/tools/ros2_humble/install/ament_cppcheck:/home/robotics/tools/ros2_humble/install/ament_clang_tidy:/home/robotics/tools/ros2_humble/install/ament_clang_format /usr/bin/cmake --build /home/robotics/ros2_ws/build/urdf_test -- -j8 -l8
[1.417s] DEBUG:colcon.colcon_core.event_handler.log_command:Invoked command in '/home/robotics/ros2_ws/build/urdf_test' returned '0': CMAKE_PREFIX_PATH=${CMAKE_PREFIX_PATH}:/home/robotics/tools/ros2_humble/install/rqt_bag_plugins:/home/robotics/tools/ros2_humble/install/rqt_bag:/home/robotics/tools/ros2_humble/install/ros2bag:/home/robotics/tools/ros2_humble/install/tracetools_test:/home/robotics/tools/ros2_humble/install/tracetools_launch:/home/robotics/tools/ros2_humble/install/topic_monitor:/home/robotics/tools/ros2_humble/install/tf2_tools:/home/robotics/tools/ros2_humble/install/examples_tf2_py:/home/robotics/tools/ros2_humble/install/tf2_ros_py:/home/robotics/tools/ros2_humble/install/sros2:/home/robotics/tools/ros2_humble/install/rqt_topic:/home/robotics/tools/ros2_humble/install/rqt_srv:/home/robotics/tools/ros2_humble/install/rqt_shell:/home/robotics/tools/ros2_humble/install/rqt_service_caller:/home/robotics/tools/ros2_humble/install/rqt_reconfigure:/home/robotics/tools/ros2_humble/install/rqt_py_console:/home/robotics/tools/ros2_humble/install/rqt_publisher:/home/robotics/tools/ros2_humble/install/rqt_plot:/home/robotics/tools/ros2_humble/install/rqt_action:/home/robotics/tools/ros2_humble/install/rqt_msg:/home/robotics/tools/ros2_humble/install/rqt_console:/home/robotics/tools/ros2_humble/install/rqt:/home/robotics/tools/ros2_humble/install/rqt_graph:/home/robotics/tools/ros2_humble/install/rqt_gui_py:/home/robotics/tools/ros2_humble/install/rqt_gui:/home/robotics/tools/ros2_humble/install/ros2trace:/home/robotics/tools/ros2_humble/install/ros2topic:/home/robotics/tools/ros2_humble/install/ros2test:/home/robotics/tools/ros2_humble/install/ros2component:/home/robotics/tools/ros2_humble/install/ros2param:/home/robotics/tools/ros2_humble/install/ros2lifecycle:/home/robotics/tools/ros2_humble/install/ros2service:/home/robotics/tools/ros2_humble/install/ros2run:/home/robotics/tools/ros2_humble/install/ros2launch:/home/robotics/tools/ros2_humble/install/ros2pkg:/home/robotics/tools/ros2_humble/install/ros2node:/home/robotics/tools/ros2_humble/install/ros2multicast:/home/robotics/tools/ros2_humble/install/ros2interface:/home/robotics/tools/ros2_humble/install/ros2doctor:/home/robotics/tools/ros2_humble/install/ros2action:/home/robotics/tools/ros2_humble/install/ros2cli:/home/robotics/tools/ros2_humble/install/quality_of_service_demo_py:/home/robotics/tools/ros2_humble/install/lifecycle_py:/home/robotics/tools/ros2_humble/install/launch_testing_ros:/home/robotics/tools/ros2_humble/install/launch_ros:/home/robotics/tools/ros2_humble/install/examples_rclpy_pointcloud_publisher:/home/robotics/tools/ros2_humble/install/examples_rclpy_minimal_subscriber:/home/robotics/tools/ros2_humble/install/examples_rclpy_minimal_service:/home/robotics/tools/ros2_humble/install/examples_rclpy_minimal_publisher:/home/robotics/tools/ros2_humble/install/examples_rclpy_minimal_client:/home/robotics/tools/ros2_humble/install/examples_rclpy_minimal_action_server:/home/robotics/tools/ros2_humble/install/examples_rclpy_minimal_action_client:/home/robotics/tools/ros2_humble/install/examples_rclpy_guard_conditions:/home/robotics/tools/ros2_humble/install/examples_rclpy_executors:/home/robotics/tools/ros2_humble/install/demo_nodes_py:/home/robotics/tools/ros2_humble/install/action_tutorials_py:/home/robotics/tools/ros2_humble/install/ament_uncrustify:/home/robotics/tools/ros2_humble/install/tracetools_trace:/home/robotics/tools/ros2_humble/install/tracetools_read:/home/robotics/tools/ros2_humble/install/test_tracetools_launch:/home/robotics/tools/ros2_humble/install/test_launch_ros:/home/robotics/tools/ros2_humble/install/sensor_msgs_py:/home/robotics/tools/ros2_humble/install/rpyutils:/home/robotics/tools/ros2_humble/install/rosidl_runtime_py:/home/robotics/tools/ros2_humble/install/rosidl_cli:/home/robotics/tools/ros2_humble/install/launch_pytest:/home/robotics/tools/ros2_humble/install/launch_testing:/home/robotics/tools/ros2_humble/install/launch_yaml:/home/robotics/tools/ros2_humble/install/launch_xml:/home/robotics/tools/ros2_humble/install/launch:/home/robotics/tools/ros2_humble/install/osrf_pycommon:/home/robotics/tools/ros2_humble/install/launch_testing_examples:/home/robotics/tools/ros2_humble/install/domain_coordinator:/home/robotics/tools/ros2_humble/install/ament_xmllint:/home/robotics/tools/ros2_humble/install/ament_pyflakes:/home/robotics/tools/ros2_humble/install/ament_pycodestyle:/home/robotics/tools/ros2_humble/install/ament_pep257:/home/robotics/tools/ros2_humble/install/ament_pclint:/home/robotics/tools/ros2_humble/install/ament_package:/home/robotics/tools/ros2_humble/install/ament_mypy:/home/robotics/tools/ros2_humble/install/ament_lint_cmake:/home/robotics/tools/ros2_humble/install/ament_flake8:/home/robotics/tools/ros2_humble/install/ament_copyright:/home/robotics/tools/ros2_humble/install/ament_lint:/home/robotics/tools/ros2_humble/install/ament_index_python:/home/robotics/tools/ros2_humble/install/ament_cpplint:/home/robotics/tools/ros2_humble/install/ament_cppcheck:/home/robotics/tools/ros2_humble/install/ament_clang_tidy:/home/robotics/tools/ros2_humble/install/ament_clang_format /usr/bin/cmake --build /home/robotics/ros2_ws/build/urdf_test -- -j8 -l8
[1.562s] DEBUG:colcon.colcon_core.event_handler.log_command:Invoking command in '/home/robotics/ros2_ws/build/urdf_test': CMAKE_PREFIX_PATH=${CMAKE_PREFIX_PATH}:/home/robotics/tools/ros2_humble/install/rqt_bag_plugins:/home/robotics/tools/ros2_humble/install/rqt_bag:/home/robotics/tools/ros2_humble/install/ros2bag:/home/robotics/tools/ros2_humble/install/tracetools_test:/home/robotics/tools/ros2_humble/install/tracetools_launch:/home/robotics/tools/ros2_humble/install/topic_monitor:/home/robotics/tools/ros2_humble/install/tf2_tools:/home/robotics/tools/ros2_humble/install/examples_tf2_py:/home/robotics/tools/ros2_humble/install/tf2_ros_py:/home/robotics/tools/ros2_humble/install/sros2:/home/robotics/tools/ros2_humble/install/rqt_topic:/home/robotics/tools/ros2_humble/install/rqt_srv:/home/robotics/tools/ros2_humble/install/rqt_shell:/home/robotics/tools/ros2_humble/install/rqt_service_caller:/home/robotics/tools/ros2_humble/install/rqt_reconfigure:/home/robotics/tools/ros2_humble/install/rqt_py_console:/home/robotics/tools/ros2_humble/install/rqt_publisher:/home/robotics/tools/ros2_humble/install/rqt_plot:/home/robotics/tools/ros2_humble/install/rqt_action:/home/robotics/tools/ros2_humble/install/rqt_msg:/home/robotics/tools/ros2_humble/install/rqt_console:/home/robotics/tools/ros2_humble/install/rqt:/home/robotics/tools/ros2_humble/install/rqt_graph:/home/robotics/tools/ros2_humble/install/rqt_gui_py:/home/robotics/tools/ros2_humble/install/rqt_gui:/home/robotics/tools/ros2_humble/install/ros2trace:/home/robotics/tools/ros2_humble/install/ros2topic:/home/robotics/tools/ros2_humble/install/ros2test:/home/robotics/tools/ros2_humble/install/ros2component:/home/robotics/tools/ros2_humble/install/ros2param:/home/robotics/tools/ros2_humble/install/ros2lifecycle:/home/robotics/tools/ros2_humble/install/ros2service:/home/robotics/tools/ros2_humble/install/ros2run:/home/robotics/tools/ros2_humble/install/ros2launch:/home/robotics/tools/ros2_humble/install/ros2pkg:/home/robotics/tools/ros2_humble/install/ros2node:/home/robotics/tools/ros2_humble/install/ros2multicast:/home/robotics/tools/ros2_humble/install/ros2interface:/home/robotics/tools/ros2_humble/install/ros2doctor:/home/robotics/tools/ros2_humble/install/ros2action:/home/robotics/tools/ros2_humble/install/ros2cli:/home/robotics/tools/ros2_humble/install/quality_of_service_demo_py:/home/robotics/tools/ros2_humble/install/lifecycle_py:/home/robotics/tools/ros2_humble/install/launch_testing_ros:/home/robotics/tools/ros2_humble/install/launch_ros:/home/robotics/tools/ros2_humble/install/examples_rclpy_pointcloud_publisher:/home/robotics/tools/ros2_humble/install/examples_rclpy_minimal_subscriber:/home/robotics/tools/ros2_humble/install/examples_rclpy_minimal_service:/home/robotics/tools/ros2_humble/install/examples_rclpy_minimal_publisher:/home/robotics/tools/ros2_humble/install/examples_rclpy_minimal_client:/home/robotics/tools/ros2_humble/install/examples_rclpy_minimal_action_server:/home/robotics/tools/ros2_humble/install/examples_rclpy_minimal_action_client:/home/robotics/tools/ros2_humble/install/examples_rclpy_guard_conditions:/home/robotics/tools/ros2_humble/install/examples_rclpy_executors:/home/robotics/tools/ros2_humble/install/demo_nodes_py:/home/robotics/tools/ros2_humble/install/action_tutorials_py:/home/robotics/tools/ros2_humble/install/ament_uncrustify:/home/robotics/tools/ros2_humble/install/tracetools_trace:/home/robotics/tools/ros2_humble/install/tracetools_read:/home/robotics/tools/ros2_humble/install/test_tracetools_launch:/home/robotics/tools/ros2_humble/install/test_launch_ros:/home/robotics/tools/ros2_humble/install/sensor_msgs_py:/home/robotics/tools/ros2_humble/install/rpyutils:/home/robotics/tools/ros2_humble/install/rosidl_runtime_py:/home/robotics/tools/ros2_humble/install/rosidl_cli:/home/robotics/tools/ros2_humble/install/launch_pytest:/home/robotics/tools/ros2_humble/install/launch_testing:/home/robotics/tools/ros2_humble/install/launch_yaml:/home/robotics/tools/ros2_humble/install/launch_xml:/home/robotics/tools/ros2_humble/install/launch:/home/robotics/tools/ros2_humble/install/osrf_pycommon:/home/robotics/tools/ros2_humble/install/launch_testing_examples:/home/robotics/tools/ros2_humble/install/domain_coordinator:/home/robotics/tools/ros2_humble/install/ament_xmllint:/home/robotics/tools/ros2_humble/install/ament_pyflakes:/home/robotics/tools/ros2_humble/install/ament_pycodestyle:/home/robotics/tools/ros2_humble/install/ament_pep257:/home/robotics/tools/ros2_humble/install/ament_pclint:/home/robotics/tools/ros2_humble/install/ament_package:/home/robotics/tools/ros2_humble/install/ament_mypy:/home/robotics/tools/ros2_humble/install/ament_lint_cmake:/home/robotics/tools/ros2_humble/install/ament_flake8:/home/robotics/tools/ros2_humble/install/ament_copyright:/home/robotics/tools/ros2_humble/install/ament_lint:/home/robotics/tools/ros2_humble/install/ament_index_python:/home/robotics/tools/ros2_humble/install/ament_cpplint:/home/robotics/tools/ros2_humble/install/ament_cppcheck:/home/robotics/tools/ros2_humble/install/ament_clang_tidy:/home/robotics/tools/ros2_humble/install/ament_clang_format /usr/bin/cmake --install /home/robotics/ros2_ws/build/urdf_test
[1.604s] Level 1:colcon.colcon_core.environment:create_environment_scripts_only(urdf_test)
[1.606s] DEBUG:colcon.colcon_core.event_handler.log_command:Invoked command in '/home/robotics/ros2_ws/build/urdf_test' returned '0': CMAKE_PREFIX_PATH=${CMAKE_PREFIX_PATH}:/home/robotics/tools/ros2_humble/install/rqt_bag_plugins:/home/robotics/tools/ros2_humble/install/rqt_bag:/home/robotics/tools/ros2_humble/install/ros2bag:/home/robotics/tools/ros2_humble/install/tracetools_test:/home/robotics/tools/ros2_humble/install/tracetools_launch:/home/robotics/tools/ros2_humble/install/topic_monitor:/home/robotics/tools/ros2_humble/install/tf2_tools:/home/robotics/tools/ros2_humble/install/examples_tf2_py:/home/robotics/tools/ros2_humble/install/tf2_ros_py:/home/robotics/tools/ros2_humble/install/sros2:/home/robotics/tools/ros2_humble/install/rqt_topic:/home/robotics/tools/ros2_humble/install/rqt_srv:/home/robotics/tools/ros2_humble/install/rqt_shell:/home/robotics/tools/ros2_humble/install/rqt_service_caller:/home/robotics/tools/ros2_humble/install/rqt_reconfigure:/home/robotics/tools/ros2_humble/install/rqt_py_console:/home/robotics/tools/ros2_humble/install/rqt_publisher:/home/robotics/tools/ros2_humble/install/rqt_plot:/home/robotics/tools/ros2_humble/install/rqt_action:/home/robotics/tools/ros2_humble/install/rqt_msg:/home/robotics/tools/ros2_humble/install/rqt_console:/home/robotics/tools/ros2_humble/install/rqt:/home/robotics/tools/ros2_humble/install/rqt_graph:/home/robotics/tools/ros2_humble/install/rqt_gui_py:/home/robotics/tools/ros2_humble/install/rqt_gui:/home/robotics/tools/ros2_humble/install/ros2trace:/home/robotics/tools/ros2_humble/install/ros2topic:/home/robotics/tools/ros2_humble/install/ros2test:/home/robotics/tools/ros2_humble/install/ros2component:/home/robotics/tools/ros2_humble/install/ros2param:/home/robotics/tools/ros2_humble/install/ros2lifecycle:/home/robotics/tools/ros2_humble/install/ros2service:/home/robotics/tools/ros2_humble/install/ros2run:/home/robotics/tools/ros2_humble/install/ros2launch:/home/robotics/tools/ros2_humble/install/ros2pkg:/home/robotics/tools/ros2_humble/install/ros2node:/home/robotics/tools/ros2_humble/install/ros2multicast:/home/robotics/tools/ros2_humble/install/ros2interface:/home/robotics/tools/ros2_humble/install/ros2doctor:/home/robotics/tools/ros2_humble/install/ros2action:/home/robotics/tools/ros2_humble/install/ros2cli:/home/robotics/tools/ros2_humble/install/quality_of_service_demo_py:/home/robotics/tools/ros2_humble/install/lifecycle_py:/home/robotics/tools/ros2_humble/install/launch_testing_ros:/home/robotics/tools/ros2_humble/install/launch_ros:/home/robotics/tools/ros2_humble/install/examples_rclpy_pointcloud_publisher:/home/robotics/tools/ros2_humble/install/examples_rclpy_minimal_subscriber:/home/robotics/tools/ros2_humble/install/examples_rclpy_minimal_service:/home/robotics/tools/ros2_humble/install/examples_rclpy_minimal_publisher:/home/robotics/tools/ros2_humble/install/examples_rclpy_minimal_client:/home/robotics/tools/ros2_humble/install/examples_rclpy_minimal_action_server:/home/robotics/tools/ros2_humble/install/examples_rclpy_minimal_action_client:/home/robotics/tools/ros2_humble/install/examples_rclpy_guard_conditions:/home/robotics/tools/ros2_humble/install/examples_rclpy_executors:/home/robotics/tools/ros2_humble/install/demo_nodes_py:/home/robotics/tools/ros2_humble/install/action_tutorials_py:/home/robotics/tools/ros2_humble/install/ament_uncrustify:/home/robotics/tools/ros2_humble/install/tracetools_trace:/home/robotics/tools/ros2_humble/install/tracetools_read:/home/robotics/tools/ros2_humble/install/test_tracetools_launch:/home/robotics/tools/ros2_humble/install/test_launch_ros:/home/robotics/tools/ros2_humble/install/sensor_msgs_py:/home/robotics/tools/ros2_humble/install/rpyutils:/home/robotics/tools/ros2_humble/install/rosidl_runtime_py:/home/robotics/tools/ros2_humble/install/rosidl_cli:/home/robotics/tools/ros2_humble/install/launch_pytest:/home/robotics/tools/ros2_humble/install/launch_testing:/home/robotics/tools/ros2_humble/install/launch_yaml:/home/robotics/tools/ros2_humble/install/launch_xml:/home/robotics/tools/ros2_humble/install/launch:/home/robotics/tools/ros2_humble/install/osrf_pycommon:/home/robotics/tools/ros2_humble/install/launch_testing_examples:/home/robotics/tools/ros2_humble/install/domain_coordinator:/home/robotics/tools/ros2_humble/install/ament_xmllint:/home/robotics/tools/ros2_humble/install/ament_pyflakes:/home/robotics/tools/ros2_humble/install/ament_pycodestyle:/home/robotics/tools/ros2_humble/install/ament_pep257:/home/robotics/tools/ros2_humble/install/ament_pclint:/home/robotics/tools/ros2_humble/install/ament_package:/home/robotics/tools/ros2_humble/install/ament_mypy:/home/robotics/tools/ros2_humble/install/ament_lint_cmake:/home/robotics/tools/ros2_humble/install/ament_flake8:/home/robotics/tools/ros2_humble/install/ament_copyright:/home/robotics/tools/ros2_humble/install/ament_lint:/home/robotics/tools/ros2_humble/install/ament_index_python:/home/robotics/tools/ros2_humble/install/ament_cpplint:/home/robotics/tools/ros2_humble/install/ament_cppcheck:/home/robotics/tools/ros2_humble/install/ament_clang_tidy:/home/robotics/tools/ros2_humble/install/ament_clang_format /usr/bin/cmake --install /home/robotics/ros2_ws/build/urdf_test
[1.617s] Level 1:colcon.colcon_core.environment:checking '/home/robotics/ros2_ws/install/urdf_test' for CMake module files
[1.618s] Level 1:colcon.colcon_core.environment:checking '/home/robotics/ros2_ws/install/urdf_test' for CMake config files
[1.618s] Level 1:colcon.colcon_core.shell:create_environment_hook('urdf_test', 'cmake_prefix_path')
[1.618s] INFO:colcon.colcon_core.shell:Creating environment hook '/home/robotics/ros2_ws/install/urdf_test/share/urdf_test/hook/cmake_prefix_path.ps1'
[1.620s] INFO:colcon.colcon_core.shell:Creating environment descriptor '/home/robotics/ros2_ws/install/urdf_test/share/urdf_test/hook/cmake_prefix_path.dsv'
[1.620s] INFO:colcon.colcon_core.shell:Creating environment hook '/home/robotics/ros2_ws/install/urdf_test/share/urdf_test/hook/cmake_prefix_path.sh'
[1.622s] Level 1:colcon.colcon_core.environment:checking '/home/robotics/ros2_ws/install/urdf_test/lib'
[1.623s] Level 1:colcon.colcon_core.environment:checking '/home/robotics/ros2_ws/install/urdf_test/bin'
[1.623s] Level 1:colcon.colcon_core.environment:checking '/home/robotics/ros2_ws/install/urdf_test/lib/pkgconfig/urdf_test.pc'
[1.630s] Level 1:colcon.colcon_core.environment:checking '/home/robotics/ros2_ws/install/urdf_test/lib/python3.8/site-packages'
[1.630s] Level 1:colcon.colcon_core.shell:create_environment_hook('urdf_test', 'pythonpath')
[1.630s] INFO:colcon.colcon_core.shell:Creating environment hook '/home/robotics/ros2_ws/install/urdf_test/share/urdf_test/hook/pythonpath.ps1'
[1.631s] INFO:colcon.colcon_core.shell:Creating environment descriptor '/home/robotics/ros2_ws/install/urdf_test/share/urdf_test/hook/pythonpath.dsv'
[1.632s] INFO:colcon.colcon_core.shell:Creating environment hook '/home/robotics/ros2_ws/install/urdf_test/share/urdf_test/hook/pythonpath.sh'
[1.632s] Level 1:colcon.colcon_core.environment:checking '/home/robotics/ros2_ws/install/urdf_test/bin'
[1.633s] INFO:colcon.colcon_core.shell:Creating package script '/home/robotics/ros2_ws/install/urdf_test/share/urdf_test/package.ps1'
[1.634s] INFO:colcon.colcon_core.shell:Creating package descriptor '/home/robotics/ros2_ws/install/urdf_test/share/urdf_test/package.dsv'
[1.635s] INFO:colcon.colcon_core.shell:Creating package script '/home/robotics/ros2_ws/install/urdf_test/share/urdf_test/package.sh'
[1.636s] INFO:colcon.colcon_core.shell:Creating package script '/home/robotics/ros2_ws/install/urdf_test/share/urdf_test/package.bash'
[1.637s] INFO:colcon.colcon_core.shell:Creating package script '/home/robotics/ros2_ws/install/urdf_test/share/urdf_test/package.zsh'
[1.638s] Level 1:colcon.colcon_core.environment:create_file_with_runtime_dependencies(/home/robotics/ros2_ws/install/urdf_test/share/colcon-core/packages/urdf_test)
[1.771s] Level 1:colcon.colcon_core.environment:create_environment_scripts_only(urdf_test)
[1.771s] Level 1:colcon.colcon_core.environment:checking '/home/robotics/ros2_ws/install/urdf_test' for CMake module files
[1.772s] Level 1:colcon.colcon_core.environment:checking '/home/robotics/ros2_ws/install/urdf_test' for CMake config files
[1.772s] Level 1:colcon.colcon_core.shell:create_environment_hook('urdf_test', 'cmake_prefix_path')
[1.773s] INFO:colcon.colcon_core.shell:Creating environment hook '/home/robotics/ros2_ws/install/urdf_test/share/urdf_test/hook/cmake_prefix_path.ps1'
[1.774s] INFO:colcon.colcon_core.shell:Creating environment descriptor '/home/robotics/ros2_ws/install/urdf_test/share/urdf_test/hook/cmake_prefix_path.dsv'
[1.774s] INFO:colcon.colcon_core.shell:Creating environment hook '/home/robotics/ros2_ws/install/urdf_test/share/urdf_test/hook/cmake_prefix_path.sh'
[1.775s] Level 1:colcon.colcon_core.environment:checking '/home/robotics/ros2_ws/install/urdf_test/lib'
[1.775s] Level 1:colcon.colcon_core.environment:checking '/home/robotics/ros2_ws/install/urdf_test/bin'
[1.775s] Level 1:colcon.colcon_core.environment:checking '/home/robotics/ros2_ws/install/urdf_test/lib/pkgconfig/urdf_test.pc'
[1.775s] Level 1:colcon.colcon_core.environment:checking '/home/robotics/ros2_ws/install/urdf_test/lib/python3.8/site-packages'
[1.776s] Level 1:colcon.colcon_core.shell:create_environment_hook('urdf_test', 'pythonpath')
[1.776s] INFO:colcon.colcon_core.shell:Creating environment hook '/home/robotics/ros2_ws/install/urdf_test/share/urdf_test/hook/pythonpath.ps1'
[1.777s] INFO:colcon.colcon_core.shell:Creating environment descriptor '/home/robotics/ros2_ws/install/urdf_test/share/urdf_test/hook/pythonpath.dsv'
[1.777s] INFO:colcon.colcon_core.shell:Creating environment hook '/home/robotics/ros2_ws/install/urdf_test/share/urdf_test/hook/pythonpath.sh'
[1.778s] Level 1:colcon.colcon_core.environment:checking '/home/robotics/ros2_ws/install/urdf_test/bin'
[1.779s] INFO:colcon.colcon_core.shell:Creating package script '/home/robotics/ros2_ws/install/urdf_test/share/urdf_test/package.ps1'
[1.780s] INFO:colcon.colcon_core.shell:Creating package descriptor '/home/robotics/ros2_ws/install/urdf_test/share/urdf_test/package.dsv'
[1.781s] INFO:colcon.colcon_core.shell:Creating package script '/home/robotics/ros2_ws/install/urdf_test/share/urdf_test/package.sh'
[1.781s] INFO:colcon.colcon_core.shell:Creating package script '/home/robotics/ros2_ws/install/urdf_test/share/urdf_test/package.bash'
[1.782s] INFO:colcon.colcon_core.shell:Creating package script '/home/robotics/ros2_ws/install/urdf_test/share/urdf_test/package.zsh'
[1.783s] Level 1:colcon.colcon_core.environment:create_file_with_runtime_dependencies(/home/robotics/ros2_ws/install/urdf_test/share/colcon-core/packages/urdf_test)
[9.237s] DEBUG:colcon.colcon_core.event_handler.log_command:Invoked command in '/home/robotics/ros2_ws/build/urdf_launch' returned '0': CMAKE_PREFIX_PATH=${CMAKE_PREFIX_PATH}:/home/robotics/tools/ros2_humble/install/rqt_bag_plugins:/home/robotics/tools/ros2_humble/install/rqt_bag:/home/robotics/tools/ros2_humble/install/ros2bag:/home/robotics/tools/ros2_humble/install/tracetools_test:/home/robotics/tools/ros2_humble/install/tracetools_launch:/home/robotics/tools/ros2_humble/install/topic_monitor:/home/robotics/tools/ros2_humble/install/tf2_tools:/home/robotics/tools/ros2_humble/install/examples_tf2_py:/home/robotics/tools/ros2_humble/install/tf2_ros_py:/home/robotics/tools/ros2_humble/install/sros2:/home/robotics/tools/ros2_humble/install/rqt_topic:/home/robotics/tools/ros2_humble/install/rqt_srv:/home/robotics/tools/ros2_humble/install/rqt_shell:/home/robotics/tools/ros2_humble/install/rqt_service_caller:/home/robotics/tools/ros2_humble/install/rqt_reconfigure:/home/robotics/tools/ros2_humble/install/rqt_py_console:/home/robotics/tools/ros2_humble/install/rqt_publisher:/home/robotics/tools/ros2_humble/install/rqt_plot:/home/robotics/tools/ros2_humble/install/rqt_action:/home/robotics/tools/ros2_humble/install/rqt_msg:/home/robotics/tools/ros2_humble/install/rqt_console:/home/robotics/tools/ros2_humble/install/rqt:/home/robotics/tools/ros2_humble/install/rqt_graph:/home/robotics/tools/ros2_humble/install/rqt_gui_py:/home/robotics/tools/ros2_humble/install/rqt_gui:/home/robotics/tools/ros2_humble/install/ros2trace:/home/robotics/tools/ros2_humble/install/ros2topic:/home/robotics/tools/ros2_humble/install/ros2test:/home/robotics/tools/ros2_humble/install/ros2component:/home/robotics/tools/ros2_humble/install/ros2param:/home/robotics/tools/ros2_humble/install/ros2lifecycle:/home/robotics/tools/ros2_humble/install/ros2service:/home/robotics/tools/ros2_humble/install/ros2run:/home/robotics/tools/ros2_humble/install/ros2launch:/home/robotics/tools/ros2_humble/install/ros2pkg:/home/robotics/tools/ros2_humble/install/ros2node:/home/robotics/tools/ros2_humble/install/ros2multicast:/home/robotics/tools/ros2_humble/install/ros2interface:/home/robotics/tools/ros2_humble/install/ros2doctor:/home/robotics/tools/ros2_humble/install/ros2action:/home/robotics/tools/ros2_humble/install/ros2cli:/home/robotics/tools/ros2_humble/install/quality_of_service_demo_py:/home/robotics/tools/ros2_humble/install/lifecycle_py:/home/robotics/tools/ros2_humble/install/launch_testing_ros:/home/robotics/tools/ros2_humble/install/launch_ros:/home/robotics/tools/ros2_humble/install/examples_rclpy_pointcloud_publisher:/home/robotics/tools/ros2_humble/install/examples_rclpy_minimal_subscriber:/home/robotics/tools/ros2_humble/install/examples_rclpy_minimal_service:/home/robotics/tools/ros2_humble/install/examples_rclpy_minimal_publisher:/home/robotics/tools/ros2_humble/install/examples_rclpy_minimal_client:/home/robotics/tools/ros2_humble/install/examples_rclpy_minimal_action_server:/home/robotics/tools/ros2_humble/install/examples_rclpy_minimal_action_client:/home/robotics/tools/ros2_humble/install/examples_rclpy_guard_conditions:/home/robotics/tools/ros2_humble/install/examples_rclpy_executors:/home/robotics/tools/ros2_humble/install/demo_nodes_py:/home/robotics/tools/ros2_humble/install/action_tutorials_py:/home/robotics/tools/ros2_humble/install/ament_uncrustify:/home/robotics/tools/ros2_humble/install/tracetools_trace:/home/robotics/tools/ros2_humble/install/tracetools_read:/home/robotics/tools/ros2_humble/install/test_tracetools_launch:/home/robotics/tools/ros2_humble/install/test_launch_ros:/home/robotics/tools/ros2_humble/install/sensor_msgs_py:/home/robotics/tools/ros2_humble/install/rpyutils:/home/robotics/tools/ros2_humble/install/rosidl_runtime_py:/home/robotics/tools/ros2_humble/install/rosidl_cli:/home/robotics/tools/ros2_humble/install/launch_pytest:/home/robotics/tools/ros2_humble/install/launch_testing:/home/robotics/tools/ros2_humble/install/launch_yaml:/home/robotics/tools/ros2_humble/install/launch_xml:/home/robotics/tools/ros2_humble/install/launch:/home/robotics/tools/ros2_humble/install/osrf_pycommon:/home/robotics/tools/ros2_humble/install/launch_testing_examples:/home/robotics/tools/ros2_humble/install/domain_coordinator:/home/robotics/tools/ros2_humble/install/ament_xmllint:/home/robotics/tools/ros2_humble/install/ament_pyflakes:/home/robotics/tools/ros2_humble/install/ament_pycodestyle:/home/robotics/tools/ros2_humble/install/ament_pep257:/home/robotics/tools/ros2_humble/install/ament_pclint:/home/robotics/tools/ros2_humble/install/ament_package:/home/robotics/tools/ros2_humble/install/ament_mypy:/home/robotics/tools/ros2_humble/install/ament_lint_cmake:/home/robotics/tools/ros2_humble/install/ament_flake8:/home/robotics/tools/ros2_humble/install/ament_copyright:/home/robotics/tools/ros2_humble/install/ament_lint:/home/robotics/tools/ros2_humble/install/ament_index_python:/home/robotics/tools/ros2_humble/install/ament_cpplint:/home/robotics/tools/ros2_humble/install/ament_cppcheck:/home/robotics/tools/ros2_humble/install/ament_clang_tidy:/home/robotics/tools/ros2_humble/install/ament_clang_format /usr/bin/cmake /home/robotics/ros2_ws/src/urdf_launch -DCMAKE_INSTALL_PREFIX=/home/robotics/ros2_ws/install/urdf_launch
[9.239s] DEBUG:colcon.colcon_core.event_handler.log_command:Invoking command in '/home/robotics/ros2_ws/build/urdf_launch': CMAKE_PREFIX_PATH=${CMAKE_PREFIX_PATH}:/home/robotics/tools/ros2_humble/install/rqt_bag_plugins:/home/robotics/tools/ros2_humble/install/rqt_bag:/home/robotics/tools/ros2_humble/install/ros2bag:/home/robotics/tools/ros2_humble/install/tracetools_test:/home/robotics/tools/ros2_humble/install/tracetools_launch:/home/robotics/tools/ros2_humble/install/topic_monitor:/home/robotics/tools/ros2_humble/install/tf2_tools:/home/robotics/tools/ros2_humble/install/examples_tf2_py:/home/robotics/tools/ros2_humble/install/tf2_ros_py:/home/robotics/tools/ros2_humble/install/sros2:/home/robotics/tools/ros2_humble/install/rqt_topic:/home/robotics/tools/ros2_humble/install/rqt_srv:/home/robotics/tools/ros2_humble/install/rqt_shell:/home/robotics/tools/ros2_humble/install/rqt_service_caller:/home/robotics/tools/ros2_humble/install/rqt_reconfigure:/home/robotics/tools/ros2_humble/install/rqt_py_console:/home/robotics/tools/ros2_humble/install/rqt_publisher:/home/robotics/tools/ros2_humble/install/rqt_plot:/home/robotics/tools/ros2_humble/install/rqt_action:/home/robotics/tools/ros2_humble/install/rqt_msg:/home/robotics/tools/ros2_humble/install/rqt_console:/home/robotics/tools/ros2_humble/install/rqt:/home/robotics/tools/ros2_humble/install/rqt_graph:/home/robotics/tools/ros2_humble/install/rqt_gui_py:/home/robotics/tools/ros2_humble/install/rqt_gui:/home/robotics/tools/ros2_humble/install/ros2trace:/home/robotics/tools/ros2_humble/install/ros2topic:/home/robotics/tools/ros2_humble/install/ros2test:/home/robotics/tools/ros2_humble/install/ros2component:/home/robotics/tools/ros2_humble/install/ros2param:/home/robotics/tools/ros2_humble/install/ros2lifecycle:/home/robotics/tools/ros2_humble/install/ros2service:/home/robotics/tools/ros2_humble/install/ros2run:/home/robotics/tools/ros2_humble/install/ros2launch:/home/robotics/tools/ros2_humble/install/ros2pkg:/home/robotics/tools/ros2_humble/install/ros2node:/home/robotics/tools/ros2_humble/install/ros2multicast:/home/robotics/tools/ros2_humble/install/ros2interface:/home/robotics/tools/ros2_humble/install/ros2doctor:/home/robotics/tools/ros2_humble/install/ros2action:/home/robotics/tools/ros2_humble/install/ros2cli:/home/robotics/tools/ros2_humble/install/quality_of_service_demo_py:/home/robotics/tools/ros2_humble/install/lifecycle_py:/home/robotics/tools/ros2_humble/install/launch_testing_ros:/home/robotics/tools/ros2_humble/install/launch_ros:/home/robotics/tools/ros2_humble/install/examples_rclpy_pointcloud_publisher:/home/robotics/tools/ros2_humble/install/examples_rclpy_minimal_subscriber:/home/robotics/tools/ros2_humble/install/examples_rclpy_minimal_service:/home/robotics/tools/ros2_humble/install/examples_rclpy_minimal_publisher:/home/robotics/tools/ros2_humble/install/examples_rclpy_minimal_client:/home/robotics/tools/ros2_humble/install/examples_rclpy_minimal_action_server:/home/robotics/tools/ros2_humble/install/examples_rclpy_minimal_action_client:/home/robotics/tools/ros2_humble/install/examples_rclpy_guard_conditions:/home/robotics/tools/ros2_humble/install/examples_rclpy_executors:/home/robotics/tools/ros2_humble/install/demo_nodes_py:/home/robotics/tools/ros2_humble/install/action_tutorials_py:/home/robotics/tools/ros2_humble/install/ament_uncrustify:/home/robotics/tools/ros2_humble/install/tracetools_trace:/home/robotics/tools/ros2_humble/install/tracetools_read:/home/robotics/tools/ros2_humble/install/test_tracetools_launch:/home/robotics/tools/ros2_humble/install/test_launch_ros:/home/robotics/tools/ros2_humble/install/sensor_msgs_py:/home/robotics/tools/ros2_humble/install/rpyutils:/home/robotics/tools/ros2_humble/install/rosidl_runtime_py:/home/robotics/tools/ros2_humble/install/rosidl_cli:/home/robotics/tools/ros2_humble/install/launch_pytest:/home/robotics/tools/ros2_humble/install/launch_testing:/home/robotics/tools/ros2_humble/install/launch_yaml:/home/robotics/tools/ros2_humble/install/launch_xml:/home/robotics/tools/ros2_humble/install/launch:/home/robotics/tools/ros2_humble/install/osrf_pycommon:/home/robotics/tools/ros2_humble/install/launch_testing_examples:/home/robotics/tools/ros2_humble/install/domain_coordinator:/home/robotics/tools/ros2_humble/install/ament_xmllint:/home/robotics/tools/ros2_humble/install/ament_pyflakes:/home/robotics/tools/ros2_humble/install/ament_pycodestyle:/home/robotics/tools/ros2_humble/install/ament_pep257:/home/robotics/tools/ros2_humble/install/ament_pclint:/home/robotics/tools/ros2_humble/install/ament_package:/home/robotics/tools/ros2_humble/install/ament_mypy:/home/robotics/tools/ros2_humble/install/ament_lint_cmake:/home/robotics/tools/ros2_humble/install/ament_flake8:/home/robotics/tools/ros2_humble/install/ament_copyright:/home/robotics/tools/ros2_humble/install/ament_lint:/home/robotics/tools/ros2_humble/install/ament_index_python:/home/robotics/tools/ros2_humble/install/ament_cpplint:/home/robotics/tools/ros2_humble/install/ament_cppcheck:/home/robotics/tools/ros2_humble/install/ament_clang_tidy:/home/robotics/tools/ros2_humble/install/ament_clang_format /usr/bin/cmake --build /home/robotics/ros2_ws/build/urdf_launch -- -j8 -l8
[9.363s] DEBUG:colcon.colcon_core.event_handler.log_command:Invoked command in '/home/robotics/ros2_ws/build/urdf_launch' returned '0': CMAKE_PREFIX_PATH=${CMAKE_PREFIX_PATH}:/home/robotics/tools/ros2_humble/install/rqt_bag_plugins:/home/robotics/tools/ros2_humble/install/rqt_bag:/home/robotics/tools/ros2_humble/install/ros2bag:/home/robotics/tools/ros2_humble/install/tracetools_test:/home/robotics/tools/ros2_humble/install/tracetools_launch:/home/robotics/tools/ros2_humble/install/topic_monitor:/home/robotics/tools/ros2_humble/install/tf2_tools:/home/robotics/tools/ros2_humble/install/examples_tf2_py:/home/robotics/tools/ros2_humble/install/tf2_ros_py:/home/robotics/tools/ros2_humble/install/sros2:/home/robotics/tools/ros2_humble/install/rqt_topic:/home/robotics/tools/ros2_humble/install/rqt_srv:/home/robotics/tools/ros2_humble/install/rqt_shell:/home/robotics/tools/ros2_humble/install/rqt_service_caller:/home/robotics/tools/ros2_humble/install/rqt_reconfigure:/home/robotics/tools/ros2_humble/install/rqt_py_console:/home/robotics/tools/ros2_humble/install/rqt_publisher:/home/robotics/tools/ros2_humble/install/rqt_plot:/home/robotics/tools/ros2_humble/install/rqt_action:/home/robotics/tools/ros2_humble/install/rqt_msg:/home/robotics/tools/ros2_humble/install/rqt_console:/home/robotics/tools/ros2_humble/install/rqt:/home/robotics/tools/ros2_humble/install/rqt_graph:/home/robotics/tools/ros2_humble/install/rqt_gui_py:/home/robotics/tools/ros2_humble/install/rqt_gui:/home/robotics/tools/ros2_humble/install/ros2trace:/home/robotics/tools/ros2_humble/install/ros2topic:/home/robotics/tools/ros2_humble/install/ros2test:/home/robotics/tools/ros2_humble/install/ros2component:/home/robotics/tools/ros2_humble/install/ros2param:/home/robotics/tools/ros2_humble/install/ros2lifecycle:/home/robotics/tools/ros2_humble/install/ros2service:/home/robotics/tools/ros2_humble/install/ros2run:/home/robotics/tools/ros2_humble/install/ros2launch:/home/robotics/tools/ros2_humble/install/ros2pkg:/home/robotics/tools/ros2_humble/install/ros2node:/home/robotics/tools/ros2_humble/install/ros2multicast:/home/robotics/tools/ros2_humble/install/ros2interface:/home/robotics/tools/ros2_humble/install/ros2doctor:/home/robotics/tools/ros2_humble/install/ros2action:/home/robotics/tools/ros2_humble/install/ros2cli:/home/robotics/tools/ros2_humble/install/quality_of_service_demo_py:/home/robotics/tools/ros2_humble/install/lifecycle_py:/home/robotics/tools/ros2_humble/install/launch_testing_ros:/home/robotics/tools/ros2_humble/install/launch_ros:/home/robotics/tools/ros2_humble/install/examples_rclpy_pointcloud_publisher:/home/robotics/tools/ros2_humble/install/examples_rclpy_minimal_subscriber:/home/robotics/tools/ros2_humble/install/examples_rclpy_minimal_service:/home/robotics/tools/ros2_humble/install/examples_rclpy_minimal_publisher:/home/robotics/tools/ros2_humble/install/examples_rclpy_minimal_client:/home/robotics/tools/ros2_humble/install/examples_rclpy_minimal_action_server:/home/robotics/tools/ros2_humble/install/examples_rclpy_minimal_action_client:/home/robotics/tools/ros2_humble/install/examples_rclpy_guard_conditions:/home/robotics/tools/ros2_humble/install/examples_rclpy_executors:/home/robotics/tools/ros2_humble/install/demo_nodes_py:/home/robotics/tools/ros2_humble/install/action_tutorials_py:/home/robotics/tools/ros2_humble/install/ament_uncrustify:/home/robotics/tools/ros2_humble/install/tracetools_trace:/home/robotics/tools/ros2_humble/install/tracetools_read:/home/robotics/tools/ros2_humble/install/test_tracetools_launch:/home/robotics/tools/ros2_humble/install/test_launch_ros:/home/robotics/tools/ros2_humble/install/sensor_msgs_py:/home/robotics/tools/ros2_humble/install/rpyutils:/home/robotics/tools/ros2_humble/install/rosidl_runtime_py:/home/robotics/tools/ros2_humble/install/rosidl_cli:/home/robotics/tools/ros2_humble/install/launch_pytest:/home/robotics/tools/ros2_humble/install/launch_testing:/home/robotics/tools/ros2_humble/install/launch_yaml:/home/robotics/tools/ros2_humble/install/launch_xml:/home/robotics/tools/ros2_humble/install/launch:/home/robotics/tools/ros2_humble/install/osrf_pycommon:/home/robotics/tools/ros2_humble/install/launch_testing_examples:/home/robotics/tools/ros2_humble/install/domain_coordinator:/home/robotics/tools/ros2_humble/install/ament_xmllint:/home/robotics/tools/ros2_humble/install/ament_pyflakes:/home/robotics/tools/ros2_humble/install/ament_pycodestyle:/home/robotics/tools/ros2_humble/install/ament_pep257:/home/robotics/tools/ros2_humble/install/ament_pclint:/home/robotics/tools/ros2_humble/install/ament_package:/home/robotics/tools/ros2_humble/install/ament_mypy:/home/robotics/tools/ros2_humble/install/ament_lint_cmake:/home/robotics/tools/ros2_humble/install/ament_flake8:/home/robotics/tools/ros2_humble/install/ament_copyright:/home/robotics/tools/ros2_humble/install/ament_lint:/home/robotics/tools/ros2_humble/install/ament_index_python:/home/robotics/tools/ros2_humble/install/ament_cpplint:/home/robotics/tools/ros2_humble/install/ament_cppcheck:/home/robotics/tools/ros2_humble/install/ament_clang_tidy:/home/robotics/tools/ros2_humble/install/ament_clang_format /usr/bin/cmake --build /home/robotics/ros2_ws/build/urdf_launch -- -j8 -l8
[9.463s] DEBUG:colcon.colcon_core.event_handler.log_command:Invoking command in '/home/robotics/ros2_ws/build/urdf_launch': CMAKE_PREFIX_PATH=${CMAKE_PREFIX_PATH}:/home/robotics/tools/ros2_humble/install/rqt_bag_plugins:/home/robotics/tools/ros2_humble/install/rqt_bag:/home/robotics/tools/ros2_humble/install/ros2bag:/home/robotics/tools/ros2_humble/install/tracetools_test:/home/robotics/tools/ros2_humble/install/tracetools_launch:/home/robotics/tools/ros2_humble/install/topic_monitor:/home/robotics/tools/ros2_humble/install/tf2_tools:/home/robotics/tools/ros2_humble/install/examples_tf2_py:/home/robotics/tools/ros2_humble/install/tf2_ros_py:/home/robotics/tools/ros2_humble/install/sros2:/home/robotics/tools/ros2_humble/install/rqt_topic:/home/robotics/tools/ros2_humble/install/rqt_srv:/home/robotics/tools/ros2_humble/install/rqt_shell:/home/robotics/tools/ros2_humble/install/rqt_service_caller:/home/robotics/tools/ros2_humble/install/rqt_reconfigure:/home/robotics/tools/ros2_humble/install/rqt_py_console:/home/robotics/tools/ros2_humble/install/rqt_publisher:/home/robotics/tools/ros2_humble/install/rqt_plot:/home/robotics/tools/ros2_humble/install/rqt_action:/home/robotics/tools/ros2_humble/install/rqt_msg:/home/robotics/tools/ros2_humble/install/rqt_console:/home/robotics/tools/ros2_humble/install/rqt:/home/robotics/tools/ros2_humble/install/rqt_graph:/home/robotics/tools/ros2_humble/install/rqt_gui_py:/home/robotics/tools/ros2_humble/install/rqt_gui:/home/robotics/tools/ros2_humble/install/ros2trace:/home/robotics/tools/ros2_humble/install/ros2topic:/home/robotics/tools/ros2_humble/install/ros2test:/home/robotics/tools/ros2_humble/install/ros2component:/home/robotics/tools/ros2_humble/install/ros2param:/home/robotics/tools/ros2_humble/install/ros2lifecycle:/home/robotics/tools/ros2_humble/install/ros2service:/home/robotics/tools/ros2_humble/install/ros2run:/home/robotics/tools/ros2_humble/install/ros2launch:/home/robotics/tools/ros2_humble/install/ros2pkg:/home/robotics/tools/ros2_humble/install/ros2node:/home/robotics/tools/ros2_humble/install/ros2multicast:/home/robotics/tools/ros2_humble/install/ros2interface:/home/robotics/tools/ros2_humble/install/ros2doctor:/home/robotics/tools/ros2_humble/install/ros2action:/home/robotics/tools/ros2_humble/install/ros2cli:/home/robotics/tools/ros2_humble/install/quality_of_service_demo_py:/home/robotics/tools/ros2_humble/install/lifecycle_py:/home/robotics/tools/ros2_humble/install/launch_testing_ros:/home/robotics/tools/ros2_humble/install/launch_ros:/home/robotics/tools/ros2_humble/install/examples_rclpy_pointcloud_publisher:/home/robotics/tools/ros2_humble/install/examples_rclpy_minimal_subscriber:/home/robotics/tools/ros2_humble/install/examples_rclpy_minimal_service:/home/robotics/tools/ros2_humble/install/examples_rclpy_minimal_publisher:/home/robotics/tools/ros2_humble/install/examples_rclpy_minimal_client:/home/robotics/tools/ros2_humble/install/examples_rclpy_minimal_action_server:/home/robotics/tools/ros2_humble/install/examples_rclpy_minimal_action_client:/home/robotics/tools/ros2_humble/install/examples_rclpy_guard_conditions:/home/robotics/tools/ros2_humble/install/examples_rclpy_executors:/home/robotics/tools/ros2_humble/install/demo_nodes_py:/home/robotics/tools/ros2_humble/install/action_tutorials_py:/home/robotics/tools/ros2_humble/install/ament_uncrustify:/home/robotics/tools/ros2_humble/install/tracetools_trace:/home/robotics/tools/ros2_humble/install/tracetools_read:/home/robotics/tools/ros2_humble/install/test_tracetools_launch:/home/robotics/tools/ros2_humble/install/test_launch_ros:/home/robotics/tools/ros2_humble/install/sensor_msgs_py:/home/robotics/tools/ros2_humble/install/rpyutils:/home/robotics/tools/ros2_humble/install/rosidl_runtime_py:/home/robotics/tools/ros2_humble/install/rosidl_cli:/home/robotics/tools/ros2_humble/install/launch_pytest:/home/robotics/tools/ros2_humble/install/launch_testing:/home/robotics/tools/ros2_humble/install/launch_yaml:/home/robotics/tools/ros2_humble/install/launch_xml:/home/robotics/tools/ros2_humble/install/launch:/home/robotics/tools/ros2_humble/install/osrf_pycommon:/home/robotics/tools/ros2_humble/install/launch_testing_examples:/home/robotics/tools/ros2_humble/install/domain_coordinator:/home/robotics/tools/ros2_humble/install/ament_xmllint:/home/robotics/tools/ros2_humble/install/ament_pyflakes:/home/robotics/tools/ros2_humble/install/ament_pycodestyle:/home/robotics/tools/ros2_humble/install/ament_pep257:/home/robotics/tools/ros2_humble/install/ament_pclint:/home/robotics/tools/ros2_humble/install/ament_package:/home/robotics/tools/ros2_humble/install/ament_mypy:/home/robotics/tools/ros2_humble/install/ament_lint_cmake:/home/robotics/tools/ros2_humble/install/ament_flake8:/home/robotics/tools/ros2_humble/install/ament_copyright:/home/robotics/tools/ros2_humble/install/ament_lint:/home/robotics/tools/ros2_humble/install/ament_index_python:/home/robotics/tools/ros2_humble/install/ament_cpplint:/home/robotics/tools/ros2_humble/install/ament_cppcheck:/home/robotics/tools/ros2_humble/install/ament_clang_tidy:/home/robotics/tools/ros2_humble/install/ament_clang_format /usr/bin/cmake --install /home/robotics/ros2_ws/build/urdf_launch
[9.498s] Level 1:colcon.colcon_core.environment:create_environment_scripts_only(urdf_launch)
[9.499s] Level 1:colcon.colcon_core.environment:checking '/home/robotics/ros2_ws/install/urdf_launch' for CMake module files
[9.500s] DEBUG:colcon.colcon_core.event_handler.log_command:Invoked command in '/home/robotics/ros2_ws/build/urdf_launch' returned '0': CMAKE_PREFIX_PATH=${CMAKE_PREFIX_PATH}:/home/robotics/tools/ros2_humble/install/rqt_bag_plugins:/home/robotics/tools/ros2_humble/install/rqt_bag:/home/robotics/tools/ros2_humble/install/ros2bag:/home/robotics/tools/ros2_humble/install/tracetools_test:/home/robotics/tools/ros2_humble/install/tracetools_launch:/home/robotics/tools/ros2_humble/install/topic_monitor:/home/robotics/tools/ros2_humble/install/tf2_tools:/home/robotics/tools/ros2_humble/install/examples_tf2_py:/home/robotics/tools/ros2_humble/install/tf2_ros_py:/home/robotics/tools/ros2_humble/install/sros2:/home/robotics/tools/ros2_humble/install/rqt_topic:/home/robotics/tools/ros2_humble/install/rqt_srv:/home/robotics/tools/ros2_humble/install/rqt_shell:/home/robotics/tools/ros2_humble/install/rqt_service_caller:/home/robotics/tools/ros2_humble/install/rqt_reconfigure:/home/robotics/tools/ros2_humble/install/rqt_py_console:/home/robotics/tools/ros2_humble/install/rqt_publisher:/home/robotics/tools/ros2_humble/install/rqt_plot:/home/robotics/tools/ros2_humble/install/rqt_action:/home/robotics/tools/ros2_humble/install/rqt_msg:/home/robotics/tools/ros2_humble/install/rqt_console:/home/robotics/tools/ros2_humble/install/rqt:/home/robotics/tools/ros2_humble/install/rqt_graph:/home/robotics/tools/ros2_humble/install/rqt_gui_py:/home/robotics/tools/ros2_humble/install/rqt_gui:/home/robotics/tools/ros2_humble/install/ros2trace:/home/robotics/tools/ros2_humble/install/ros2topic:/home/robotics/tools/ros2_humble/install/ros2test:/home/robotics/tools/ros2_humble/install/ros2component:/home/robotics/tools/ros2_humble/install/ros2param:/home/robotics/tools/ros2_humble/install/ros2lifecycle:/home/robotics/tools/ros2_humble/install/ros2service:/home/robotics/tools/ros2_humble/install/ros2run:/home/robotics/tools/ros2_humble/install/ros2launch:/home/robotics/tools/ros2_humble/install/ros2pkg:/home/robotics/tools/ros2_humble/install/ros2node:/home/robotics/tools/ros2_humble/install/ros2multicast:/home/robotics/tools/ros2_humble/install/ros2interface:/home/robotics/tools/ros2_humble/install/ros2doctor:/home/robotics/tools/ros2_humble/install/ros2action:/home/robotics/tools/ros2_humble/install/ros2cli:/home/robotics/tools/ros2_humble/install/quality_of_service_demo_py:/home/robotics/tools/ros2_humble/install/lifecycle_py:/home/robotics/tools/ros2_humble/install/launch_testing_ros:/home/robotics/tools/ros2_humble/install/launch_ros:/home/robotics/tools/ros2_humble/install/examples_rclpy_pointcloud_publisher:/home/robotics/tools/ros2_humble/install/examples_rclpy_minimal_subscriber:/home/robotics/tools/ros2_humble/install/examples_rclpy_minimal_service:/home/robotics/tools/ros2_humble/install/examples_rclpy_minimal_publisher:/home/robotics/tools/ros2_humble/install/examples_rclpy_minimal_client:/home/robotics/tools/ros2_humble/install/examples_rclpy_minimal_action_server:/home/robotics/tools/ros2_humble/install/examples_rclpy_minimal_action_client:/home/robotics/tools/ros2_humble/install/examples_rclpy_guard_conditions:/home/robotics/tools/ros2_humble/install/examples_rclpy_executors:/home/robotics/tools/ros2_humble/install/demo_nodes_py:/home/robotics/tools/ros2_humble/install/action_tutorials_py:/home/robotics/tools/ros2_humble/install/ament_uncrustify:/home/robotics/tools/ros2_humble/install/tracetools_trace:/home/robotics/tools/ros2_humble/install/tracetools_read:/home/robotics/tools/ros2_humble/install/test_tracetools_launch:/home/robotics/tools/ros2_humble/install/test_launch_ros:/home/robotics/tools/ros2_humble/install/sensor_msgs_py:/home/robotics/tools/ros2_humble/install/rpyutils:/home/robotics/tools/ros2_humble/install/rosidl_runtime_py:/home/robotics/tools/ros2_humble/install/rosidl_cli:/home/robotics/tools/ros2_humble/install/launch_pytest:/home/robotics/tools/ros2_humble/install/launch_testing:/home/robotics/tools/ros2_humble/install/launch_yaml:/home/robotics/tools/ros2_humble/install/launch_xml:/home/robotics/tools/ros2_humble/install/launch:/home/robotics/tools/ros2_humble/install/osrf_pycommon:/home/robotics/tools/ros2_humble/install/launch_testing_examples:/home/robotics/tools/ros2_humble/install/domain_coordinator:/home/robotics/tools/ros2_humble/install/ament_xmllint:/home/robotics/tools/ros2_humble/install/ament_pyflakes:/home/robotics/tools/ros2_humble/install/ament_pycodestyle:/home/robotics/tools/ros2_humble/install/ament_pep257:/home/robotics/tools/ros2_humble/install/ament_pclint:/home/robotics/tools/ros2_humble/install/ament_package:/home/robotics/tools/ros2_humble/install/ament_mypy:/home/robotics/tools/ros2_humble/install/ament_lint_cmake:/home/robotics/tools/ros2_humble/install/ament_flake8:/home/robotics/tools/ros2_humble/install/ament_copyright:/home/robotics/tools/ros2_humble/install/ament_lint:/home/robotics/tools/ros2_humble/install/ament_index_python:/home/robotics/tools/ros2_humble/install/ament_cpplint:/home/robotics/tools/ros2_humble/install/ament_cppcheck:/home/robotics/tools/ros2_humble/install/ament_clang_tidy:/home/robotics/tools/ros2_humble/install/ament_clang_format /usr/bin/cmake --install /home/robotics/ros2_ws/build/urdf_launch
[9.500s] Level 1:colcon.colcon_core.environment:checking '/home/robotics/ros2_ws/install/urdf_launch' for CMake config files
[9.501s] Level 1:colcon.colcon_core.shell:create_environment_hook('urdf_launch', 'cmake_prefix_path')
[9.501s] INFO:colcon.colcon_core.shell:Creating environment hook '/home/robotics/ros2_ws/install/urdf_launch/share/urdf_launch/hook/cmake_prefix_path.ps1'
[9.502s] INFO:colcon.colcon_core.shell:Creating environment descriptor '/home/robotics/ros2_ws/install/urdf_launch/share/urdf_launch/hook/cmake_prefix_path.dsv'
[9.502s] INFO:colcon.colcon_core.shell:Creating environment hook '/home/robotics/ros2_ws/install/urdf_launch/share/urdf_launch/hook/cmake_prefix_path.sh'
[9.503s] Level 1:colcon.colcon_core.environment:checking '/home/robotics/ros2_ws/install/urdf_launch/bin'
[9.503s] Level 1:colcon.colcon_core.environment:checking '/home/robotics/ros2_ws/install/urdf_launch/lib/pkgconfig/urdf_launch.pc'
[9.503s] Level 1:colcon.colcon_core.environment:checking '/home/robotics/ros2_ws/install/urdf_launch/lib/python3.8/site-packages'
[9.503s] Level 1:colcon.colcon_core.environment:checking '/home/robotics/ros2_ws/install/urdf_launch/bin'
[9.504s] INFO:colcon.colcon_core.shell:Creating package script '/home/robotics/ros2_ws/install/urdf_launch/share/urdf_launch/package.ps1'
[9.504s] INFO:colcon.colcon_core.shell:Creating package descriptor '/home/robotics/ros2_ws/install/urdf_launch/share/urdf_launch/package.dsv'
[9.505s] INFO:colcon.colcon_core.shell:Creating package script '/home/robotics/ros2_ws/install/urdf_launch/share/urdf_launch/package.sh'
[9.505s] INFO:colcon.colcon_core.shell:Creating package script '/home/robotics/ros2_ws/install/urdf_launch/share/urdf_launch/package.bash'
[9.505s] INFO:colcon.colcon_core.shell:Creating package script '/home/robotics/ros2_ws/install/urdf_launch/share/urdf_launch/package.zsh'
[9.506s] Level 1:colcon.colcon_core.environment:create_file_with_runtime_dependencies(/home/robotics/ros2_ws/install/urdf_launch/share/colcon-core/packages/urdf_launch)
[9.602s] Level 1:colcon.colcon_core.environment:create_environment_scripts_only(urdf_launch)
[9.602s] Level 1:colcon.colcon_core.environment:checking '/home/robotics/ros2_ws/install/urdf_launch' for CMake module files
[9.603s] Level 1:colcon.colcon_core.environment:checking '/home/robotics/ros2_ws/install/urdf_launch' for CMake config files
[9.603s] Level 1:colcon.colcon_core.shell:create_environment_hook('urdf_launch', 'cmake_prefix_path')
[9.604s] INFO:colcon.colcon_core.shell:Creating environment hook '/home/robotics/ros2_ws/install/urdf_launch/share/urdf_launch/hook/cmake_prefix_path.ps1'
[9.604s] INFO:colcon.colcon_core.shell:Creating environment descriptor '/home/robotics/ros2_ws/install/urdf_launch/share/urdf_launch/hook/cmake_prefix_path.dsv'
[9.605s] INFO:colcon.colcon_core.shell:Creating environment hook '/home/robotics/ros2_ws/install/urdf_launch/share/urdf_launch/hook/cmake_prefix_path.sh'
[9.605s] Level 1:colcon.colcon_core.environment:checking '/home/robotics/ros2_ws/install/urdf_launch/bin'
[9.605s] Level 1:colcon.colcon_core.environment:checking '/home/robotics/ros2_ws/install/urdf_launch/lib/pkgconfig/urdf_launch.pc'
[9.606s] Level 1:colcon.colcon_core.environment:checking '/home/robotics/ros2_ws/install/urdf_launch/lib/python3.8/site-packages'
[9.606s] Level 1:colcon.colcon_core.environment:checking '/home/robotics/ros2_ws/install/urdf_launch/bin'
[9.607s] INFO:colcon.colcon_core.shell:Creating package script '/home/robotics/ros2_ws/install/urdf_launch/share/urdf_launch/package.ps1'
[9.607s] INFO:colcon.colcon_core.shell:Creating package descriptor '/home/robotics/ros2_ws/install/urdf_launch/share/urdf_launch/package.dsv'
[9.608s] INFO:colcon.colcon_core.shell:Creating package script '/home/robotics/ros2_ws/install/urdf_launch/share/urdf_launch/package.sh'
[9.608s] INFO:colcon.colcon_core.shell:Creating package script '/home/robotics/ros2_ws/install/urdf_launch/share/urdf_launch/package.bash'
[9.609s] INFO:colcon.colcon_core.shell:Creating package script '/home/robotics/ros2_ws/install/urdf_launch/share/urdf_launch/package.zsh'
[9.609s] Level 1:colcon.colcon_core.environment:create_file_with_runtime_dependencies(/home/robotics/ros2_ws/install/urdf_launch/share/colcon-core/packages/urdf_launch)
[9.610s] DEBUG:colcon.colcon_parallel_executor.executor.parallel:closing loop
[9.611s] DEBUG:colcon.colcon_parallel_executor.executor.parallel:loop closed
[9.611s] DEBUG:colcon.colcon_parallel_executor.executor.parallel:run_until_complete finished with '0'
[9.611s] DEBUG:colcon.colcon_core.event_reactor:joining thread
[9.636s] INFO:colcon.colcon_core.plugin_system:Skipping extension 'colcon_notification.desktop_notification.notify_send': Could not find 'notify-send'
[9.637s] INFO:colcon.colcon_core.plugin_system:Skipping extension 'colcon_notification.desktop_notification.terminal_notifier': Not used on non-Darwin systems
[9.637s] INFO:colcon.colcon_core.plugin_system:Skipping extension 'colcon_notification.desktop_notification.win32': Not used on non-Windows systems
[9.637s] INFO:colcon.colcon_notification.desktop_notification:Sending desktop notification using 'notify2'
[9.637s] DEBUG:colcon.colcon_notification.desktop_notification.notify2:Failed to initialize notify2: org.freedesktop.DBus.Error.NotSupported: Unable to autolaunch a dbus-daemon without a $DISPLAY for X11
[9.637s] DEBUG:colcon.colcon_core.event_reactor:joined thread
[9.637s] INFO:colcon.colcon_core.shell:Creating prefix script '/home/robotics/ros2_ws/install/local_setup.ps1'
[9.639s] INFO:colcon.colcon_core.shell:Creating prefix util module '/home/robotics/ros2_ws/install/_local_setup_util_ps1.py'
[9.641s] INFO:colcon.colcon_core.shell:Creating prefix chain script '/home/robotics/ros2_ws/install/setup.ps1'
[9.663s] INFO:colcon.colcon_core.shell:Creating prefix script '/home/robotics/ros2_ws/install/local_setup.sh'
[9.663s] INFO:colcon.colcon_core.shell:Creating prefix util module '/home/robotics/ros2_ws/install/_local_setup_util_sh.py'
[9.664s] INFO:colcon.colcon_core.shell:Creating prefix chain script '/home/robotics/ros2_ws/install/setup.sh'
[9.687s] INFO:colcon.colcon_core.shell:Creating prefix script '/home/robotics/ros2_ws/install/local_setup.bash'
[9.688s] INFO:colcon.colcon_core.shell:Creating prefix chain script '/home/robotics/ros2_ws/install/setup.bash'
[9.709s] INFO:colcon.colcon_core.shell:Creating prefix script '/home/robotics/ros2_ws/install/local_setup.zsh'
[9.709s] INFO:colcon.colcon_core.shell:Creating prefix chain script '/home/robotics/ros2_ws/install/setup.zsh'
