[0.065s] Invoking command in '/home/robotics/ros2_ws/build/xacro': /usr/bin/cmake /home/robotics/ros2_ws/src/xacro -DCATKIN_INSTALL_INTO_PREFIX_ROOT=0 -DCMAKE_INSTALL_PREFIX=/home/robotics/ros2_ws/install/xacro
[0.245s] -- The C compiler identification is GNU 10.5.0
[0.411s] -- The CXX compiler identification is GNU 10.5.0
[0.439s] -- Check for working C compiler: /usr/bin/cc
[0.613s] -- Check for working C compiler: /usr/bin/cc -- works
[0.615s] -- Detecting C compiler ABI info
[0.792s] -- Detecting C compiler ABI info - done
[0.815s] -- Detecting C compile features
[0.816s] -- Detecting C compile features - done
[0.822s] -- Check for working CXX compiler: /usr/bin/c++
[1.032s] -- Check for working CXX compiler: /usr/bin/c++ -- works
[1.033s] -- Detecting CXX compiler ABI info
[1.217s] -- Detecting CXX compiler ABI info - done
[1.240s] -- Detecting CXX compile features
[1.241s] -- Detecting CXX compile features - done
[1.292s] CMake Error at CMakeLists.txt:4 (find_package):
[1.292s]   By not providing "Findcatkin.cmake" in CMAKE_MODULE_PATH this project has
[1.292s]   asked CMake to find a package configuration file provided by "catkin", but
[1.292s]   CMake did not find one.
[1.292s] 
[1.292s]   Could not find a package configuration file provided by "catkin" with any
[1.292s]   of the following names:
[1.293s] 
[1.293s]     catkinConfig.cmake
[1.293s]     catkin-config.cmake
[1.293s] 
[1.293s]   Add the installation prefix of "catkin" to CMAKE_PREFIX_PATH or set
[1.293s]   "catkin_DIR" to a directory containing one of the above files.  If "catkin"
[1.293s]   provides a separate development package or SDK, be sure it has been
[1.293s]   installed.
[1.293s] 
[1.293s] 
[1.294s] -- Configuring incomplete, errors occurred!
[1.294s] See also "/home/robotics/ros2_ws/build/xacro/CMakeFiles/CMakeOutput.log".
[1.296s] Invoked command in '/home/robotics/ros2_ws/build/xacro' returned '1': /usr/bin/cmake /home/robotics/ros2_ws/src/xacro -DCATKIN_INSTALL_INTO_PREFIX_ROOT=0 -DCMAKE_INSTALL_PREFIX=/home/robotics/ros2_ws/install/xacro
