[0.936s] DEBUG:colcon:Command line arguments: ['/usr/bin/colcon', 'build', '--packages-select', 'urdf_test']
[0.937s] DEBUG:colcon:Parsed command line arguments: Namespace(allow_overriding=[], ament_cmake_args=None, base_paths=['.'], build_base='build', catkin_cmake_args=None, catkin_skip_building_tests=False, cmake_args=None, cmake_clean_cache=False, cmake_clean_first=False, cmake_force_configure=False, cmake_target=None, cmake_target_skip_unavailable=False, continue_on_error=False, event_handlers=None, executor='parallel', ignore_user_meta=False, install_base='install', log_base=None, log_level=None, main=<bound method BuildVerb.main of <colcon_core.verb.build.BuildVerb object at 0x7f3196e839d0>>, merge_install=False, metas=['./colcon.meta'], mixin=None, mixin_files=None, mixin_verb=('build',), packages_above=None, packages_above_and_dependencies=None, packages_above_depth=None, packages_end=None, packages_ignore=None, packages_ignore_regex=None, packages_select=['urdf_test'], packages_select_build_failed=False, packages_select_by_dep=None, packages_select_regex=None, packages_select_test_failures=False, packages_skip=None, packages_skip_build_finished=False, packages_skip_by_dep=None, packages_skip_regex=None, packages_skip_test_passed=False, packages_skip_up_to=None, packages_start=None, packages_up_to=None, packages_up_to_regex=None, parallel_workers=8, paths=None, symlink_install=False, test_result_base=None, verb_extension=<colcon_core.verb.build.BuildVerb object at 0x7f3196e839d0>, verb_name='build', verb_parser=<colcon_mixin.mixin.mixin_argument.MixinArgumentDecorator object at 0x7f3196d608e0>)
[1.489s] Level 1:colcon.colcon_core.package_discovery:discover_packages(colcon_meta) check parameters
[1.489s] Level 1:colcon.colcon_core.package_discovery:discover_packages(recursive) check parameters
[1.489s] Level 1:colcon.colcon_core.package_discovery:discover_packages(ignore) check parameters
[1.489s] Level 1:colcon.colcon_core.package_discovery:discover_packages(path) check parameters
[1.489s] Level 1:colcon.colcon_core.package_discovery:discover_packages(colcon_meta) discover
[1.490s] Level 1:colcon.colcon_core.package_discovery:discover_packages(recursive) discover
[1.490s] INFO:colcon.colcon_core.package_discovery:Crawling recursively for packages in '/home/robotics/ros2_ws'
[1.490s] Level 1:colcon.colcon_core.package_identification:_identify(.) by extensions ['ignore', 'ignore_ament_install']
[1.490s] Level 1:colcon.colcon_core.package_identification:_identify(.) by extension 'ignore'
[1.490s] Level 1:colcon.colcon_core.package_identification:_identify(.) by extension 'ignore_ament_install'
[1.490s] Level 1:colcon.colcon_core.package_identification:_identify(.) by extensions ['colcon_pkg']
[1.490s] Level 1:colcon.colcon_core.package_identification:_identify(.) by extension 'colcon_pkg'
[1.490s] Level 1:colcon.colcon_core.package_identification:_identify(.) by extensions ['colcon_meta']
[1.490s] Level 1:colcon.colcon_core.package_identification:_identify(.) by extension 'colcon_meta'
[1.491s] Level 1:colcon.colcon_core.package_identification:_identify(.) by extensions ['ros']
[1.491s] Level 1:colcon.colcon_core.package_identification:_identify(.) by extension 'ros'
[1.516s] Level 1:colcon.colcon_core.package_identification:_identify(.) by extensions ['cmake', 'python']
[1.516s] Level 1:colcon.colcon_core.package_identification:_identify(.) by extension 'cmake'
[1.516s] Level 1:colcon.colcon_core.package_identification:_identify(.) by extension 'python'
[1.516s] Level 1:colcon.colcon_core.package_identification:_identify(.) by extensions ['python_setup_py']
[1.517s] Level 1:colcon.colcon_core.package_identification:_identify(.) by extension 'python_setup_py'
[1.517s] Level 1:colcon.colcon_core.package_identification:_identify(build) by extensions ['ignore', 'ignore_ament_install']
[1.517s] Level 1:colcon.colcon_core.package_identification:_identify(build) by extension 'ignore'
[1.517s] Level 1:colcon.colcon_core.package_identification:_identify(build) ignored
[1.517s] Level 1:colcon.colcon_core.package_identification:_identify(install) by extensions ['ignore', 'ignore_ament_install']
[1.518s] Level 1:colcon.colcon_core.package_identification:_identify(install) by extension 'ignore'
[1.518s] Level 1:colcon.colcon_core.package_identification:_identify(install) ignored
[1.518s] Level 1:colcon.colcon_core.package_identification:_identify(log) by extensions ['ignore', 'ignore_ament_install']
[1.518s] Level 1:colcon.colcon_core.package_identification:_identify(log) by extension 'ignore'
[1.518s] Level 1:colcon.colcon_core.package_identification:_identify(log) ignored
[1.518s] Level 1:colcon.colcon_core.package_identification:_identify(src) by extensions ['ignore', 'ignore_ament_install']
[1.518s] Level 1:colcon.colcon_core.package_identification:_identify(src) by extension 'ignore'
[1.519s] Level 1:colcon.colcon_core.package_identification:_identify(src) by extension 'ignore_ament_install'
[1.519s] Level 1:colcon.colcon_core.package_identification:_identify(src) by extensions ['colcon_pkg']
[1.519s] Level 1:colcon.colcon_core.package_identification:_identify(src) by extension 'colcon_pkg'
[1.519s] Level 1:colcon.colcon_core.package_identification:_identify(src) by extensions ['colcon_meta']
[1.519s] Level 1:colcon.colcon_core.package_identification:_identify(src) by extension 'colcon_meta'
[1.519s] Level 1:colcon.colcon_core.package_identification:_identify(src) by extensions ['ros']
[1.519s] Level 1:colcon.colcon_core.package_identification:_identify(src) by extension 'ros'
[1.519s] Level 1:colcon.colcon_core.package_identification:_identify(src) by extensions ['cmake', 'python']
[1.519s] Level 1:colcon.colcon_core.package_identification:_identify(src) by extension 'cmake'
[1.519s] Level 1:colcon.colcon_core.package_identification:_identify(src) by extension 'python'
[1.519s] Level 1:colcon.colcon_core.package_identification:_identify(src) by extensions ['python_setup_py']
[1.520s] Level 1:colcon.colcon_core.package_identification:_identify(src) by extension 'python_setup_py'
[1.520s] Level 1:colcon.colcon_core.package_identification:_identify(src/cpp_pubsub) by extensions ['ignore', 'ignore_ament_install']
[1.520s] Level 1:colcon.colcon_core.package_identification:_identify(src/cpp_pubsub) by extension 'ignore'
[1.520s] Level 1:colcon.colcon_core.package_identification:_identify(src/cpp_pubsub) by extension 'ignore_ament_install'
[1.520s] Level 1:colcon.colcon_core.package_identification:_identify(src/cpp_pubsub) by extensions ['colcon_pkg']
[1.520s] Level 1:colcon.colcon_core.package_identification:_identify(src/cpp_pubsub) by extension 'colcon_pkg'
[1.520s] Level 1:colcon.colcon_core.package_identification:_identify(src/cpp_pubsub) by extensions ['colcon_meta']
[1.520s] Level 1:colcon.colcon_core.package_identification:_identify(src/cpp_pubsub) by extension 'colcon_meta'
[1.520s] Level 1:colcon.colcon_core.package_identification:_identify(src/cpp_pubsub) by extensions ['ros']
[1.521s] Level 1:colcon.colcon_core.package_identification:_identify(src/cpp_pubsub) by extension 'ros'
[1.525s] DEBUG:colcon.colcon_core.package_identification:Package 'src/cpp_pubsub' with type 'ros.ament_cmake' and name 'cpp_pubsub'
[1.526s] Level 1:colcon.colcon_core.package_identification:_identify(src/rqt_image_view) by extensions ['ignore', 'ignore_ament_install']
[1.526s] Level 1:colcon.colcon_core.package_identification:_identify(src/rqt_image_view) by extension 'ignore'
[1.526s] Level 1:colcon.colcon_core.package_identification:_identify(src/rqt_image_view) by extension 'ignore_ament_install'
[1.526s] Level 1:colcon.colcon_core.package_identification:_identify(src/rqt_image_view) by extensions ['colcon_pkg']
[1.526s] Level 1:colcon.colcon_core.package_identification:_identify(src/rqt_image_view) by extension 'colcon_pkg'
[1.526s] Level 1:colcon.colcon_core.package_identification:_identify(src/rqt_image_view) by extensions ['colcon_meta']
[1.526s] Level 1:colcon.colcon_core.package_identification:_identify(src/rqt_image_view) by extension 'colcon_meta'
[1.526s] Level 1:colcon.colcon_core.package_identification:_identify(src/rqt_image_view) by extensions ['ros']
[1.526s] Level 1:colcon.colcon_core.package_identification:_identify(src/rqt_image_view) by extension 'ros'
[1.528s] DEBUG:colcon.colcon_core.package_identification:Package 'src/rqt_image_view' with type 'ros.ament_cmake' and name 'rqt_image_view'
[1.528s] Level 1:colcon.colcon_core.package_identification:_identify(src/teleop_twist_keyboard) by extensions ['ignore', 'ignore_ament_install']
[1.529s] Level 1:colcon.colcon_core.package_identification:_identify(src/teleop_twist_keyboard) by extension 'ignore'
[1.529s] Level 1:colcon.colcon_core.package_identification:_identify(src/teleop_twist_keyboard) by extension 'ignore_ament_install'
[1.529s] Level 1:colcon.colcon_core.package_identification:_identify(src/teleop_twist_keyboard) by extensions ['colcon_pkg']
[1.529s] Level 1:colcon.colcon_core.package_identification:_identify(src/teleop_twist_keyboard) by extension 'colcon_pkg'
[1.529s] Level 1:colcon.colcon_core.package_identification:_identify(src/teleop_twist_keyboard) by extensions ['colcon_meta']
[1.529s] Level 1:colcon.colcon_core.package_identification:_identify(src/teleop_twist_keyboard) by extension 'colcon_meta'
[1.529s] Level 1:colcon.colcon_core.package_identification:_identify(src/teleop_twist_keyboard) by extensions ['ros']
[1.529s] Level 1:colcon.colcon_core.package_identification:_identify(src/teleop_twist_keyboard) by extension 'ros'
[1.530s] DEBUG:colcon.colcon_core.package_identification:Package 'src/teleop_twist_keyboard' with type 'ros.ament_python' and name 'teleop_twist_keyboard'
[1.531s] Level 1:colcon.colcon_core.package_identification:_identify(src/urdf_test) by extensions ['ignore', 'ignore_ament_install']
[1.531s] Level 1:colcon.colcon_core.package_identification:_identify(src/urdf_test) by extension 'ignore'
[1.531s] Level 1:colcon.colcon_core.package_identification:_identify(src/urdf_test) by extension 'ignore_ament_install'
[1.531s] Level 1:colcon.colcon_core.package_identification:_identify(src/urdf_test) by extensions ['colcon_pkg']
[1.532s] Level 1:colcon.colcon_core.package_identification:_identify(src/urdf_test) by extension 'colcon_pkg'
[1.532s] Level 1:colcon.colcon_core.package_identification:_identify(src/urdf_test) by extensions ['colcon_meta']
[1.532s] Level 1:colcon.colcon_core.package_identification:_identify(src/urdf_test) by extension 'colcon_meta'
[1.532s] Level 1:colcon.colcon_core.package_identification:_identify(src/urdf_test) by extensions ['ros']
[1.532s] Level 1:colcon.colcon_core.package_identification:_identify(src/urdf_test) by extension 'ros'
[1.533s] DEBUG:colcon.colcon_core.package_identification:Package 'src/urdf_test' with type 'ros.ament_python' and name 'urdf_test'
[1.534s] Level 1:colcon.colcon_core.package_identification:_identify(src/vision_opencv) by extensions ['ignore', 'ignore_ament_install']
[1.534s] Level 1:colcon.colcon_core.package_identification:_identify(src/vision_opencv) by extension 'ignore'
[1.534s] Level 1:colcon.colcon_core.package_identification:_identify(src/vision_opencv) by extension 'ignore_ament_install'
[1.534s] Level 1:colcon.colcon_core.package_identification:_identify(src/vision_opencv) by extensions ['colcon_pkg']
[1.534s] Level 1:colcon.colcon_core.package_identification:_identify(src/vision_opencv) by extension 'colcon_pkg'
[1.534s] Level 1:colcon.colcon_core.package_identification:_identify(src/vision_opencv) by extensions ['colcon_meta']
[1.534s] Level 1:colcon.colcon_core.package_identification:_identify(src/vision_opencv) by extension 'colcon_meta'
[1.534s] Level 1:colcon.colcon_core.package_identification:_identify(src/vision_opencv) by extensions ['ros']
[1.534s] Level 1:colcon.colcon_core.package_identification:_identify(src/vision_opencv) by extension 'ros'
[1.535s] Level 1:colcon.colcon_core.package_identification:_identify(src/vision_opencv) by extensions ['cmake', 'python']
[1.535s] Level 1:colcon.colcon_core.package_identification:_identify(src/vision_opencv) by extension 'cmake'
[1.535s] Level 1:colcon.colcon_core.package_identification:_identify(src/vision_opencv) by extension 'python'
[1.535s] Level 1:colcon.colcon_core.package_identification:_identify(src/vision_opencv) by extensions ['python_setup_py']
[1.535s] Level 1:colcon.colcon_core.package_identification:_identify(src/vision_opencv) by extension 'python_setup_py'
[1.535s] Level 1:colcon.colcon_core.package_identification:_identify(src/vision_opencv/cv_bridge) by extensions ['ignore', 'ignore_ament_install']
[1.536s] Level 1:colcon.colcon_core.package_identification:_identify(src/vision_opencv/cv_bridge) by extension 'ignore'
[1.536s] Level 1:colcon.colcon_core.package_identification:_identify(src/vision_opencv/cv_bridge) by extension 'ignore_ament_install'
[1.536s] Level 1:colcon.colcon_core.package_identification:_identify(src/vision_opencv/cv_bridge) by extensions ['colcon_pkg']
[1.536s] Level 1:colcon.colcon_core.package_identification:_identify(src/vision_opencv/cv_bridge) by extension 'colcon_pkg'
[1.536s] Level 1:colcon.colcon_core.package_identification:_identify(src/vision_opencv/cv_bridge) by extensions ['colcon_meta']
[1.536s] Level 1:colcon.colcon_core.package_identification:_identify(src/vision_opencv/cv_bridge) by extension 'colcon_meta'
[1.536s] Level 1:colcon.colcon_core.package_identification:_identify(src/vision_opencv/cv_bridge) by extensions ['ros']
[1.536s] Level 1:colcon.colcon_core.package_identification:_identify(src/vision_opencv/cv_bridge) by extension 'ros'
[1.540s] DEBUG:colcon.colcon_core.package_identification:Package 'src/vision_opencv/cv_bridge' with type 'ros.ament_cmake' and name 'cv_bridge'
[1.540s] Level 1:colcon.colcon_core.package_identification:_identify(src/vision_opencv/image_geometry) by extensions ['ignore', 'ignore_ament_install']
[1.540s] Level 1:colcon.colcon_core.package_identification:_identify(src/vision_opencv/image_geometry) by extension 'ignore'
[1.540s] Level 1:colcon.colcon_core.package_identification:_identify(src/vision_opencv/image_geometry) by extension 'ignore_ament_install'
[1.541s] Level 1:colcon.colcon_core.package_identification:_identify(src/vision_opencv/image_geometry) by extensions ['colcon_pkg']
[1.541s] Level 1:colcon.colcon_core.package_identification:_identify(src/vision_opencv/image_geometry) by extension 'colcon_pkg'
[1.541s] Level 1:colcon.colcon_core.package_identification:_identify(src/vision_opencv/image_geometry) by extensions ['colcon_meta']
[1.541s] Level 1:colcon.colcon_core.package_identification:_identify(src/vision_opencv/image_geometry) by extension 'colcon_meta'
[1.541s] Level 1:colcon.colcon_core.package_identification:_identify(src/vision_opencv/image_geometry) by extensions ['ros']
[1.541s] Level 1:colcon.colcon_core.package_identification:_identify(src/vision_opencv/image_geometry) by extension 'ros'
[1.543s] DEBUG:colcon.colcon_core.package_identification:Package 'src/vision_opencv/image_geometry' with type 'ros.ament_cmake' and name 'image_geometry'
[1.543s] Level 1:colcon.colcon_core.package_identification:_identify(src/vision_opencv/opencv_tests) by extensions ['ignore', 'ignore_ament_install']
[1.544s] Level 1:colcon.colcon_core.package_identification:_identify(src/vision_opencv/opencv_tests) by extension 'ignore'
[1.544s] Level 1:colcon.colcon_core.package_identification:_identify(src/vision_opencv/opencv_tests) by extension 'ignore_ament_install'
[1.544s] Level 1:colcon.colcon_core.package_identification:_identify(src/vision_opencv/opencv_tests) by extensions ['colcon_pkg']
[1.544s] Level 1:colcon.colcon_core.package_identification:_identify(src/vision_opencv/opencv_tests) by extension 'colcon_pkg'
[1.544s] Level 1:colcon.colcon_core.package_identification:_identify(src/vision_opencv/opencv_tests) by extensions ['colcon_meta']
[1.544s] Level 1:colcon.colcon_core.package_identification:_identify(src/vision_opencv/opencv_tests) by extension 'colcon_meta'
[1.544s] Level 1:colcon.colcon_core.package_identification:_identify(src/vision_opencv/opencv_tests) by extensions ['ros']
[1.544s] Level 1:colcon.colcon_core.package_identification:_identify(src/vision_opencv/opencv_tests) by extension 'ros'
[1.546s] DEBUG:colcon.colcon_core.package_identification:Package 'src/vision_opencv/opencv_tests' with type 'ros.ament_python' and name 'opencv_tests'
[1.546s] Level 1:colcon.colcon_core.package_identification:_identify(src/vision_opencv/vision_opencv) by extensions ['ignore', 'ignore_ament_install']
[1.546s] Level 1:colcon.colcon_core.package_identification:_identify(src/vision_opencv/vision_opencv) by extension 'ignore'
[1.547s] Level 1:colcon.colcon_core.package_identification:_identify(src/vision_opencv/vision_opencv) by extension 'ignore_ament_install'
[1.547s] Level 1:colcon.colcon_core.package_identification:_identify(src/vision_opencv/vision_opencv) by extensions ['colcon_pkg']
[1.547s] Level 1:colcon.colcon_core.package_identification:_identify(src/vision_opencv/vision_opencv) by extension 'colcon_pkg'
[1.547s] Level 1:colcon.colcon_core.package_identification:_identify(src/vision_opencv/vision_opencv) by extensions ['colcon_meta']
[1.547s] Level 1:colcon.colcon_core.package_identification:_identify(src/vision_opencv/vision_opencv) by extension 'colcon_meta'
[1.547s] Level 1:colcon.colcon_core.package_identification:_identify(src/vision_opencv/vision_opencv) by extensions ['ros']
[1.548s] Level 1:colcon.colcon_core.package_identification:_identify(src/vision_opencv/vision_opencv) by extension 'ros'
[1.549s] DEBUG:colcon.colcon_core.package_identification:Package 'src/vision_opencv/vision_opencv' with type 'ros.ament_cmake' and name 'vision_opencv'
[1.549s] Level 1:colcon.colcon_core.package_discovery:discover_packages(recursive) using defaults
[1.549s] Level 1:colcon.colcon_core.package_discovery:discover_packages(ignore) discover
[1.549s] Level 1:colcon.colcon_core.package_discovery:discover_packages(ignore) using defaults
[1.550s] Level 1:colcon.colcon_core.package_discovery:discover_packages(path) discover
[1.550s] Level 1:colcon.colcon_core.package_discovery:discover_packages(path) using defaults
[1.680s] INFO:colcon.colcon_core.package_selection:Skipping not selected package 'cpp_pubsub' in 'src/cpp_pubsub'
[1.680s] INFO:colcon.colcon_core.package_selection:Skipping not selected package 'cv_bridge' in 'src/vision_opencv/cv_bridge'
[1.680s] INFO:colcon.colcon_core.package_selection:Skipping not selected package 'image_geometry' in 'src/vision_opencv/image_geometry'
[1.680s] INFO:colcon.colcon_core.package_selection:Skipping not selected package 'teleop_twist_keyboard' in 'src/teleop_twist_keyboard'
[1.680s] INFO:colcon.colcon_core.package_selection:Skipping not selected package 'opencv_tests' in 'src/vision_opencv/opencv_tests'
[1.680s] INFO:colcon.colcon_core.package_selection:Skipping not selected package 'rqt_image_view' in 'src/rqt_image_view'
[1.680s] INFO:colcon.colcon_core.package_selection:Skipping not selected package 'vision_opencv' in 'src/vision_opencv/vision_opencv'
[1.682s] Level 1:colcon.colcon_core.package_discovery:discover_packages(prefix_path) check parameters
[1.682s] Level 1:colcon.colcon_core.package_discovery:discover_packages(prefix_path) discover
[1.685s] WARNING:colcon.colcon_ros.prefix_path.ament:The path '/home/robotics/ros2_ws/install/vision_opencv' in the environment variable AMENT_PREFIX_PATH doesn't exist
[1.685s] WARNING:colcon.colcon_ros.prefix_path.ament:The path '/home/robotics/ros2_ws/install/teleop_twist_keyboard' in the environment variable AMENT_PREFIX_PATH doesn't exist
[1.685s] WARNING:colcon.colcon_ros.prefix_path.ament:The path '/home/robotics/ros2_ws/install/rqt_image_view' in the environment variable AMENT_PREFIX_PATH doesn't exist
[1.686s] WARNING:colcon.colcon_ros.prefix_path.ament:The path '/home/robotics/ros2_ws/install/opencv_tests' in the environment variable AMENT_PREFIX_PATH doesn't exist
[1.686s] WARNING:colcon.colcon_ros.prefix_path.ament:The path '/home/robotics/ros2_ws/install/image_geometry' in the environment variable AMENT_PREFIX_PATH doesn't exist
[1.686s] WARNING:colcon.colcon_ros.prefix_path.ament:The path '/home/robotics/ros2_ws/install/cv_bridge' in the environment variable AMENT_PREFIX_PATH doesn't exist
[1.715s] WARNING:colcon.colcon_ros.prefix_path.catkin:The path '/home/robotics/ros2_ws/install/vision_opencv' in the environment variable CMAKE_PREFIX_PATH doesn't exist
[1.716s] WARNING:colcon.colcon_ros.prefix_path.catkin:The path '/home/robotics/ros2_ws/install/rqt_image_view' in the environment variable CMAKE_PREFIX_PATH doesn't exist
[1.716s] WARNING:colcon.colcon_ros.prefix_path.catkin:The path '/home/robotics/ros2_ws/install/image_geometry' in the environment variable CMAKE_PREFIX_PATH doesn't exist
[1.716s] WARNING:colcon.colcon_ros.prefix_path.catkin:The path '/home/robotics/ros2_ws/install/cv_bridge' in the environment variable CMAKE_PREFIX_PATH doesn't exist
[1.722s] DEBUG:colcon.colcon_installed_package_information.package_discovery:Found 1 installed packages in /home/robotics/ros2_ws/install
[1.754s] DEBUG:colcon.colcon_installed_package_information.package_discovery:Found 345 installed packages in /home/robotics/tools/ros2_humble/install
[1.760s] Level 1:colcon.colcon_core.package_discovery:discover_packages(prefix_path) using defaults
[1.838s] Level 5:colcon.colcon_core.verb:set package 'urdf_test' build argument 'cmake_args' from command line to 'None'
[1.838s] Level 5:colcon.colcon_core.verb:set package 'urdf_test' build argument 'cmake_target' from command line to 'None'
[1.839s] Level 5:colcon.colcon_core.verb:set package 'urdf_test' build argument 'cmake_target_skip_unavailable' from command line to 'False'
[1.839s] Level 5:colcon.colcon_core.verb:set package 'urdf_test' build argument 'cmake_clean_cache' from command line to 'False'
[1.839s] Level 5:colcon.colcon_core.verb:set package 'urdf_test' build argument 'cmake_clean_first' from command line to 'False'
[1.839s] Level 5:colcon.colcon_core.verb:set package 'urdf_test' build argument 'cmake_force_configure' from command line to 'False'
[1.839s] Level 5:colcon.colcon_core.verb:set package 'urdf_test' build argument 'ament_cmake_args' from command line to 'None'
[1.839s] Level 5:colcon.colcon_core.verb:set package 'urdf_test' build argument 'catkin_cmake_args' from command line to 'None'
[1.839s] Level 5:colcon.colcon_core.verb:set package 'urdf_test' build argument 'catkin_skip_building_tests' from command line to 'False'
[1.839s] DEBUG:colcon.colcon_core.verb:Building package 'urdf_test' with the following arguments: {'ament_cmake_args': None, 'build_base': '/home/robotics/ros2_ws/build/urdf_test', 'catkin_cmake_args': None, 'catkin_skip_building_tests': False, 'cmake_args': None, 'cmake_clean_cache': False, 'cmake_clean_first': False, 'cmake_force_configure': False, 'cmake_target': None, 'cmake_target_skip_unavailable': False, 'install_base': '/home/robotics/ros2_ws/install/urdf_test', 'merge_install': False, 'path': '/home/robotics/ros2_ws/src/urdf_test', 'symlink_install': False, 'test_result_base': None}
[1.839s] INFO:colcon.colcon_core.executor:Executing jobs using 'parallel' executor
[1.841s] DEBUG:colcon.colcon_parallel_executor.executor.parallel:run_until_complete
[1.842s] INFO:colcon.colcon_ros.task.ament_python.build:Building ROS package in '/home/robotics/ros2_ws/src/urdf_test' with build type 'ament_python'
[1.842s] Level 1:colcon.colcon_core.shell:create_environment_hook('urdf_test', 'ament_prefix_path')
[1.860s] INFO:colcon.colcon_core.plugin_system:Skipping extension 'colcon_core.shell.bat': Not used on non-Windows systems
[1.861s] INFO:colcon.colcon_core.shell:Creating environment hook '/home/robotics/ros2_ws/install/urdf_test/share/urdf_test/hook/ament_prefix_path.ps1'
[1.862s] INFO:colcon.colcon_core.shell:Creating environment descriptor '/home/robotics/ros2_ws/install/urdf_test/share/urdf_test/hook/ament_prefix_path.dsv'
[1.863s] INFO:colcon.colcon_core.shell:Creating environment hook '/home/robotics/ros2_ws/install/urdf_test/share/urdf_test/hook/ament_prefix_path.sh'
[1.865s] INFO:colcon.colcon_core.shell:Skip shell extension 'powershell' for command environment: Not usable outside of PowerShell
[1.865s] DEBUG:colcon.colcon_core.shell:Skip shell extension 'dsv' for command environment
[4.851s] INFO:colcon.colcon_core.task.python.build:Building Python package in '/home/robotics/ros2_ws/src/urdf_test'
[4.853s] INFO:colcon.colcon_core.shell:Skip shell extension 'powershell' for command environment: Not usable outside of PowerShell
[4.853s] DEBUG:colcon.colcon_core.shell:Skip shell extension 'dsv' for command environment
[8.658s] DEBUG:colcon.colcon_core.event_handler.log_command:Invoking command in '/home/robotics/ros2_ws/src/urdf_test': PYTHONPATH=/home/robotics/ros2_ws/build/urdf_test/prefix_override:/home/robotics/ros2_ws/install/urdf_test/lib/python3.8/site-packages:${PYTHONPATH} /usr/bin/python3 -W ignore:setup.py install is deprecated setup.py egg_info --egg-base ../../build/urdf_test build --build-base /home/robotics/ros2_ws/build/urdf_test/build install --record /home/robotics/ros2_ws/build/urdf_test/install.log --single-version-externally-managed install_data
[12.032s] DEBUG:colcon.colcon_core.event_handler.log_command:Invoked command in '/home/robotics/ros2_ws/src/urdf_test' returned '0': PYTHONPATH=/home/robotics/ros2_ws/build/urdf_test/prefix_override:/home/robotics/ros2_ws/install/urdf_test/lib/python3.8/site-packages:${PYTHONPATH} /usr/bin/python3 -W ignore:setup.py install is deprecated setup.py egg_info --egg-base ../../build/urdf_test build --build-base /home/robotics/ros2_ws/build/urdf_test/build install --record /home/robotics/ros2_ws/build/urdf_test/install.log --single-version-externally-managed install_data
[12.063s] Level 1:colcon.colcon_core.environment:checking '/home/robotics/ros2_ws/install/urdf_test' for CMake module files
[12.065s] Level 1:colcon.colcon_core.environment:checking '/home/robotics/ros2_ws/install/urdf_test' for CMake config files
[12.068s] Level 1:colcon.colcon_core.environment:checking '/home/robotics/ros2_ws/install/urdf_test/lib'
[12.069s] Level 1:colcon.colcon_core.environment:checking '/home/robotics/ros2_ws/install/urdf_test/bin'
[12.069s] Level 1:colcon.colcon_core.environment:checking '/home/robotics/ros2_ws/install/urdf_test/lib/pkgconfig/urdf_test.pc'
[12.070s] Level 1:colcon.colcon_core.environment:checking '/home/robotics/ros2_ws/install/urdf_test/lib/python3.8/site-packages'
[12.070s] Level 1:colcon.colcon_core.shell:create_environment_hook('urdf_test', 'pythonpath')
[12.071s] INFO:colcon.colcon_core.shell:Creating environment hook '/home/robotics/ros2_ws/install/urdf_test/share/urdf_test/hook/pythonpath.ps1'
[12.072s] INFO:colcon.colcon_core.shell:Creating environment descriptor '/home/robotics/ros2_ws/install/urdf_test/share/urdf_test/hook/pythonpath.dsv'
[12.073s] INFO:colcon.colcon_core.shell:Creating environment hook '/home/robotics/ros2_ws/install/urdf_test/share/urdf_test/hook/pythonpath.sh'
[12.075s] Level 1:colcon.colcon_core.environment:checking '/home/robotics/ros2_ws/install/urdf_test/bin'
[12.075s] Level 1:colcon.colcon_core.environment:create_environment_scripts_only(urdf_test)
[12.076s] INFO:colcon.colcon_core.shell:Creating package script '/home/robotics/ros2_ws/install/urdf_test/share/urdf_test/package.ps1'
[12.079s] INFO:colcon.colcon_core.shell:Creating package descriptor '/home/robotics/ros2_ws/install/urdf_test/share/urdf_test/package.dsv'
[12.081s] INFO:colcon.colcon_core.shell:Creating package script '/home/robotics/ros2_ws/install/urdf_test/share/urdf_test/package.sh'
[12.083s] INFO:colcon.colcon_core.shell:Creating package script '/home/robotics/ros2_ws/install/urdf_test/share/urdf_test/package.bash'
[12.086s] INFO:colcon.colcon_core.shell:Creating package script '/home/robotics/ros2_ws/install/urdf_test/share/urdf_test/package.zsh'
[12.089s] Level 1:colcon.colcon_core.environment:create_file_with_runtime_dependencies(/home/robotics/ros2_ws/install/urdf_test/share/colcon-core/packages/urdf_test)
[12.091s] DEBUG:colcon.colcon_parallel_executor.executor.parallel:closing loop
[12.093s] DEBUG:colcon.colcon_parallel_executor.executor.parallel:loop closed
[12.094s] DEBUG:colcon.colcon_parallel_executor.executor.parallel:run_until_complete finished with '0'
[12.094s] DEBUG:colcon.colcon_core.event_reactor:joining thread
[12.145s] INFO:colcon.colcon_core.plugin_system:Skipping extension 'colcon_notification.desktop_notification.notify_send': Could not find 'notify-send'
[12.146s] INFO:colcon.colcon_core.plugin_system:Skipping extension 'colcon_notification.desktop_notification.terminal_notifier': Not used on non-Darwin systems
[12.146s] INFO:colcon.colcon_core.plugin_system:Skipping extension 'colcon_notification.desktop_notification.win32': Not used on non-Windows systems
[12.146s] INFO:colcon.colcon_notification.desktop_notification:Sending desktop notification using 'notify2'
[12.146s] DEBUG:colcon.colcon_notification.desktop_notification.notify2:Failed to initialize notify2: org.freedesktop.DBus.Error.NotSupported: Unable to autolaunch a dbus-daemon without a $DISPLAY for X11
[12.147s] DEBUG:colcon.colcon_core.event_reactor:joined thread
[12.148s] INFO:colcon.colcon_core.shell:Creating prefix script '/home/robotics/ros2_ws/install/local_setup.ps1'
[12.151s] INFO:colcon.colcon_core.shell:Creating prefix util module '/home/robotics/ros2_ws/install/_local_setup_util_ps1.py'
[12.156s] INFO:colcon.colcon_core.shell:Creating prefix chain script '/home/robotics/ros2_ws/install/setup.ps1'
[12.211s] INFO:colcon.colcon_core.shell:Creating prefix script '/home/robotics/ros2_ws/install/local_setup.sh'
[12.213s] INFO:colcon.colcon_core.shell:Creating prefix util module '/home/robotics/ros2_ws/install/_local_setup_util_sh.py'
[12.214s] INFO:colcon.colcon_core.shell:Creating prefix chain script '/home/robotics/ros2_ws/install/setup.sh'
[12.258s] INFO:colcon.colcon_core.shell:Creating prefix script '/home/robotics/ros2_ws/install/local_setup.bash'
[12.259s] INFO:colcon.colcon_core.shell:Creating prefix chain script '/home/robotics/ros2_ws/install/setup.bash'
[12.306s] INFO:colcon.colcon_core.shell:Creating prefix script '/home/robotics/ros2_ws/install/local_setup.zsh'
[12.307s] INFO:colcon.colcon_core.shell:Creating prefix chain script '/home/robotics/ros2_ws/install/setup.zsh'
